ERROR - 2024-10-29 14:51:33 --> Error connecting to the database: mysqli_sql_exception: Unknown database 'automation' in C:\laragon\www\automacao\system\Database\MySQLi\Connection.php:186
Stack trace:
#0 C:\laragon\www\automacao\system\Database\MySQLi\Connection.php(186): mysqli->real_connect('localhost', 'root', Object(SensitiveParameterValue), 'automation', 3306, '', 0)
#1 C:\laragon\www\automacao\system\Database\BaseConnection.php(421): CodeIgniter\Database\MySQLi\Connection->connect(false)
#2 C:\laragon\www\automacao\system\Database\BaseConnection.php(616): CodeIgniter\Database\BaseConnection->initialize()
#3 C:\laragon\www\automacao\system\Database\BaseConnection.php(1485): CodeIgniter\Database\BaseConnection->query('SHOW TABLES FRO...')
#4 C:\laragon\www\automacao\system\Database\BaseConnection.php(1505): CodeIgniter\Database\BaseConnection->listTables()
#5 C:\laragon\www\automacao\system\Database\MigrationRunner.php(759): CodeIgniter\Database\BaseConnection->tableExists('migrations')
#6 C:\laragon\www\automacao\system\Database\MigrationRunner.php(163): CodeIgniter\Database\MigrationRunner->ensureTable()
#7 C:\laragon\www\automacao\system\Commands\Database\Migrate.php(85): CodeIgniter\Database\MigrationRunner->latest(NULL)
#8 C:\laragon\www\automacao\system\CLI\Commands.php(70): CodeIgniter\Commands\Database\Migrate->run(Array)
#9 C:\laragon\www\automacao\system\CLI\Console.php(48): CodeIgniter\CLI\Commands->run('migrate', Array)
#10 C:\laragon\www\automacao\system\Boot.php(351): CodeIgniter\CLI\Console->run()
#11 C:\laragon\www\automacao\system\Boot.php(104): CodeIgniter\Boot::runCommand(Object(CodeIgniter\CLI\Console))
#12 C:\laragon\www\automacao\spark(84): CodeIgniter\Boot::bootSpark(Object(Config\Paths))
#13 {main}

Next CodeIgniter\Database\Exceptions\DatabaseException: Unknown database 'automation' in C:\laragon\www\automacao\system\Database\MySQLi\Connection.php:231
Stack trace:
#0 C:\laragon\www\automacao\system\Database\BaseConnection.php(421): CodeIgniter\Database\MySQLi\Connection->connect(false)
#1 C:\laragon\www\automacao\system\Database\BaseConnection.php(616): CodeIgniter\Database\BaseConnection->initialize()
#2 C:\laragon\www\automacao\system\Database\BaseConnection.php(1485): CodeIgniter\Database\BaseConnection->query('SHOW TABLES FRO...')
#3 C:\laragon\www\automacao\system\Database\BaseConnection.php(1505): CodeIgniter\Database\BaseConnection->listTables()
#4 C:\laragon\www\automacao\system\Database\MigrationRunner.php(759): CodeIgniter\Database\BaseConnection->tableExists('migrations')
#5 C:\laragon\www\automacao\system\Database\MigrationRunner.php(163): CodeIgniter\Database\MigrationRunner->ensureTable()
#6 C:\laragon\www\automacao\system\Commands\Database\Migrate.php(85): CodeIgniter\Database\MigrationRunner->latest(NULL)
#7 C:\laragon\www\automacao\system\CLI\Commands.php(70): CodeIgniter\Commands\Database\Migrate->run(Array)
#8 C:\laragon\www\automacao\system\CLI\Console.php(48): CodeIgniter\CLI\Commands->run('migrate', Array)
#9 C:\laragon\www\automacao\system\Boot.php(351): CodeIgniter\CLI\Console->run()
#10 C:\laragon\www\automacao\system\Boot.php(104): CodeIgniter\Boot::runCommand(Object(CodeIgniter\CLI\Console))
#11 C:\laragon\www\automacao\spark(84): CodeIgniter\Boot::bootSpark(Object(Config\Paths))
#12 {main}
ERROR - 2024-10-29 14:51:39 --> Error connecting to the database: mysqli_sql_exception: Unknown database 'automation' in C:\laragon\www\automacao\system\Database\MySQLi\Connection.php:186
Stack trace:
#0 C:\laragon\www\automacao\system\Database\MySQLi\Connection.php(186): mysqli->real_connect('localhost', 'root', Object(SensitiveParameterValue), 'automation', 3306, '', 0)
#1 C:\laragon\www\automacao\system\Database\BaseConnection.php(421): CodeIgniter\Database\MySQLi\Connection->connect(false)
#2 C:\laragon\www\automacao\system\Database\BaseConnection.php(616): CodeIgniter\Database\BaseConnection->initialize()
#3 C:\laragon\www\automacao\system\Database\BaseConnection.php(1485): CodeIgniter\Database\BaseConnection->query('SHOW TABLES FRO...')
#4 C:\laragon\www\automacao\system\Database\BaseConnection.php(1505): CodeIgniter\Database\BaseConnection->listTables()
#5 C:\laragon\www\automacao\system\Database\MigrationRunner.php(759): CodeIgniter\Database\BaseConnection->tableExists('migrations')
#6 C:\laragon\www\automacao\system\Database\MigrationRunner.php(163): CodeIgniter\Database\MigrationRunner->ensureTable()
#7 C:\laragon\www\automacao\system\Commands\Database\Migrate.php(85): CodeIgniter\Database\MigrationRunner->latest(NULL)
#8 C:\laragon\www\automacao\system\CLI\Commands.php(70): CodeIgniter\Commands\Database\Migrate->run(Array)
#9 C:\laragon\www\automacao\system\CLI\Console.php(48): CodeIgniter\CLI\Commands->run('migrate', Array)
#10 C:\laragon\www\automacao\system\Boot.php(351): CodeIgniter\CLI\Console->run()
#11 C:\laragon\www\automacao\system\Boot.php(104): CodeIgniter\Boot::runCommand(Object(CodeIgniter\CLI\Console))
#12 C:\laragon\www\automacao\spark(84): CodeIgniter\Boot::bootSpark(Object(Config\Paths))
#13 {main}

Next CodeIgniter\Database\Exceptions\DatabaseException: Unknown database 'automation' in C:\laragon\www\automacao\system\Database\MySQLi\Connection.php:231
Stack trace:
#0 C:\laragon\www\automacao\system\Database\BaseConnection.php(421): CodeIgniter\Database\MySQLi\Connection->connect(false)
#1 C:\laragon\www\automacao\system\Database\BaseConnection.php(616): CodeIgniter\Database\BaseConnection->initialize()
#2 C:\laragon\www\automacao\system\Database\BaseConnection.php(1485): CodeIgniter\Database\BaseConnection->query('SHOW TABLES FRO...')
#3 C:\laragon\www\automacao\system\Database\BaseConnection.php(1505): CodeIgniter\Database\BaseConnection->listTables()
#4 C:\laragon\www\automacao\system\Database\MigrationRunner.php(759): CodeIgniter\Database\BaseConnection->tableExists('migrations')
#5 C:\laragon\www\automacao\system\Database\MigrationRunner.php(163): CodeIgniter\Database\MigrationRunner->ensureTable()
#6 C:\laragon\www\automacao\system\Commands\Database\Migrate.php(85): CodeIgniter\Database\MigrationRunner->latest(NULL)
#7 C:\laragon\www\automacao\system\CLI\Commands.php(70): CodeIgniter\Commands\Database\Migrate->run(Array)
#8 C:\laragon\www\automacao\system\CLI\Console.php(48): CodeIgniter\CLI\Commands->run('migrate', Array)
#9 C:\laragon\www\automacao\system\Boot.php(351): CodeIgniter\CLI\Console->run()
#10 C:\laragon\www\automacao\system\Boot.php(104): CodeIgniter\Boot::runCommand(Object(CodeIgniter\CLI\Console))
#11 C:\laragon\www\automacao\spark(84): CodeIgniter\Boot::bootSpark(Object(Config\Paths))
#12 {main}
ERROR - 2024-10-29 14:51:43 --> Error connecting to the database: mysqli_sql_exception: Unknown database 'automation' in C:\laragon\www\automacao\system\Database\MySQLi\Connection.php:186
Stack trace:
#0 C:\laragon\www\automacao\system\Database\MySQLi\Connection.php(186): mysqli->real_connect('localhost', 'root', Object(SensitiveParameterValue), 'automation', 3306, '', 0)
#1 C:\laragon\www\automacao\system\Database\BaseConnection.php(421): CodeIgniter\Database\MySQLi\Connection->connect(false)
#2 C:\laragon\www\automacao\system\Database\BaseConnection.php(616): CodeIgniter\Database\BaseConnection->initialize()
#3 C:\laragon\www\automacao\system\Database\BaseConnection.php(1485): CodeIgniter\Database\BaseConnection->query('SHOW TABLES FRO...')
#4 C:\laragon\www\automacao\system\Database\BaseConnection.php(1505): CodeIgniter\Database\BaseConnection->listTables()
#5 C:\laragon\www\automacao\system\Database\MigrationRunner.php(759): CodeIgniter\Database\BaseConnection->tableExists('migrations')
#6 C:\laragon\www\automacao\system\Database\MigrationRunner.php(163): CodeIgniter\Database\MigrationRunner->ensureTable()
#7 C:\laragon\www\automacao\system\Commands\Database\Migrate.php(85): CodeIgniter\Database\MigrationRunner->latest(NULL)
#8 C:\laragon\www\automacao\system\CLI\Commands.php(70): CodeIgniter\Commands\Database\Migrate->run(Array)
#9 C:\laragon\www\automacao\system\CLI\Console.php(48): CodeIgniter\CLI\Commands->run('migrate', Array)
#10 C:\laragon\www\automacao\system\Boot.php(351): CodeIgniter\CLI\Console->run()
#11 C:\laragon\www\automacao\system\Boot.php(104): CodeIgniter\Boot::runCommand(Object(CodeIgniter\CLI\Console))
#12 C:\laragon\www\automacao\spark(84): CodeIgniter\Boot::bootSpark(Object(Config\Paths))
#13 {main}

Next CodeIgniter\Database\Exceptions\DatabaseException: Unknown database 'automation' in C:\laragon\www\automacao\system\Database\MySQLi\Connection.php:231
Stack trace:
#0 C:\laragon\www\automacao\system\Database\BaseConnection.php(421): CodeIgniter\Database\MySQLi\Connection->connect(false)
#1 C:\laragon\www\automacao\system\Database\BaseConnection.php(616): CodeIgniter\Database\BaseConnection->initialize()
#2 C:\laragon\www\automacao\system\Database\BaseConnection.php(1485): CodeIgniter\Database\BaseConnection->query('SHOW TABLES FRO...')
#3 C:\laragon\www\automacao\system\Database\BaseConnection.php(1505): CodeIgniter\Database\BaseConnection->listTables()
#4 C:\laragon\www\automacao\system\Database\MigrationRunner.php(759): CodeIgniter\Database\BaseConnection->tableExists('migrations')
#5 C:\laragon\www\automacao\system\Database\MigrationRunner.php(163): CodeIgniter\Database\MigrationRunner->ensureTable()
#6 C:\laragon\www\automacao\system\Commands\Database\Migrate.php(85): CodeIgniter\Database\MigrationRunner->latest(NULL)
#7 C:\laragon\www\automacao\system\CLI\Commands.php(70): CodeIgniter\Commands\Database\Migrate->run(Array)
#8 C:\laragon\www\automacao\system\CLI\Console.php(48): CodeIgniter\CLI\Commands->run('migrate', Array)
#9 C:\laragon\www\automacao\system\Boot.php(351): CodeIgniter\CLI\Console->run()
#10 C:\laragon\www\automacao\system\Boot.php(104): CodeIgniter\Boot::runCommand(Object(CodeIgniter\CLI\Console))
#11 C:\laragon\www\automacao\spark(84): CodeIgniter\Boot::bootSpark(Object(Config\Paths))
#12 {main}
INFO - 2024-10-29 14:52:32 --> Session: Class initialized using 'CodeIgniter\Session\Handlers\FileHandler' driver.
INFO - 2024-10-29 14:52:33 --> Session: Class initialized using 'CodeIgniter\Session\Handlers\FileHandler' driver.
CRITICAL - 2024-10-29 14:54:09 --> Error: Call to undefined function link_tag()
[Method: GET, Route: /]
in APPPATH\Views\layout\head.php on line 8.
 1 SYSTEMPATH\View\View.php(234): include()
 2 SYSTEMPATH\View\View.php(237): CodeIgniter\View\View->CodeIgniter\View\{closure}()
 3 SYSTEMPATH\View\View.php(487): CodeIgniter\View\View->render('layout/head', null, true)
 4 APPPATH\Views\layout\layout.php(1): CodeIgniter\View\View->include('layout/head')
 5 SYSTEMPATH\View\View.php(234): include('C:\\laragon\\www\\automacao\\app\\Views\\layout\\layout.php')
 6 SYSTEMPATH\View\View.php(237): CodeIgniter\View\View->CodeIgniter\View\{closure}()
 7 SYSTEMPATH\View\View.php(250): CodeIgniter\View\View->render('layout/layout', [], true)
 8 SYSTEMPATH\Common.php(1171): CodeIgniter\View\View->render('welcome_message', [], true)
 9 APPPATH\Controllers\Home.php(9): view('welcome_message')
10 SYSTEMPATH\CodeIgniter.php(933): App\Controllers\Home->index()
11 SYSTEMPATH\CodeIgniter.php(509): CodeIgniter\CodeIgniter->runController(Object(App\Controllers\Home))
12 SYSTEMPATH\CodeIgniter.php(355): CodeIgniter\CodeIgniter->handleRequest(null, Object(Config\Cache), false)
13 SYSTEMPATH\Boot.php(325): CodeIgniter\CodeIgniter->run()
14 SYSTEMPATH\Boot.php(67): CodeIgniter\Boot::runCodeIgniter(Object(CodeIgniter\CodeIgniter))
15 FCPATH\index.php(56): CodeIgniter\Boot::bootWeb(Object(Config\Paths))
INFO - 2024-10-29 14:54:27 --> Session: Class initialized using 'CodeIgniter\Session\Handlers\FileHandler' driver.
INFO - 2024-10-29 14:54:27 --> Session: Class initialized using 'CodeIgniter\Session\Handlers\FileHandler' driver.
INFO - 2024-10-29 14:55:00 --> Session: Class initialized using 'CodeIgniter\Session\Handlers\FileHandler' driver.
INFO - 2024-10-29 14:55:01 --> Session: Class initialized using 'CodeIgniter\Session\Handlers\FileHandler' driver.
INFO - 2024-10-29 14:55:13 --> Session: Class initialized using 'CodeIgniter\Session\Handlers\FileHandler' driver.
INFO - 2024-10-29 14:55:14 --> Session: Class initialized using 'CodeIgniter\Session\Handlers\FileHandler' driver.
INFO - 2024-10-29 14:55:44 --> Session: Class initialized using 'CodeIgniter\Session\Handlers\FileHandler' driver.
INFO - 2024-10-29 14:55:44 --> Session: Class initialized using 'CodeIgniter\Session\Handlers\FileHandler' driver.
INFO - 2024-10-29 14:55:50 --> Session: Class initialized using 'CodeIgniter\Session\Handlers\FileHandler' driver.
INFO - 2024-10-29 14:55:50 --> Session: Class initialized using 'CodeIgniter\Session\Handlers\FileHandler' driver.
INFO - 2024-10-29 14:56:12 --> Session: Class initialized using 'CodeIgniter\Session\Handlers\FileHandler' driver.
INFO - 2024-10-29 14:56:12 --> Session: Class initialized using 'CodeIgniter\Session\Handlers\FileHandler' driver.
INFO - 2024-10-29 14:56:29 --> Session: Class initialized using 'CodeIgniter\Session\Handlers\FileHandler' driver.
INFO - 2024-10-29 14:56:29 --> Session: Class initialized using 'CodeIgniter\Session\Handlers\FileHandler' driver.
INFO - 2024-10-29 14:56:48 --> Session: Class initialized using 'CodeIgniter\Session\Handlers\FileHandler' driver.
INFO - 2024-10-29 14:56:49 --> Session: Class initialized using 'CodeIgniter\Session\Handlers\FileHandler' driver.
INFO - 2024-10-29 14:56:58 --> Session: Class initialized using 'CodeIgniter\Session\Handlers\FileHandler' driver.
INFO - 2024-10-29 14:56:58 --> Session: Class initialized using 'CodeIgniter\Session\Handlers\FileHandler' driver.
WARNING - 2024-10-29 15:41:09 --> [DEPRECATED] Creation of dynamic property App\Commands\View::$component is deprecated in APPPATH\Commands\View.php on line 62.
 1 SYSTEMPATH\CLI\Commands.php(70): App\Commands\View->run([...])
 2 SYSTEMPATH\CLI\Console.php(48): CodeIgniter\CLI\Commands->run('app:view', [...])
 3 SYSTEMPATH\Boot.php(351): CodeIgniter\CLI\Console->run()
 4 SYSTEMPATH\Boot.php(104): CodeIgniter\Boot::runCommand(Object(CodeIgniter\CLI\Console))
 5 ROOTPATH\spark(84): CodeIgniter\Boot::bootSpark(Object(Config\Paths))
WARNING - 2024-10-29 15:41:09 --> [DEPRECATED] Creation of dynamic property App\Commands\View::$directory is deprecated in APPPATH\Commands\View.php on line 63.
 1 SYSTEMPATH\CLI\Commands.php(70): App\Commands\View->run([...])
 2 SYSTEMPATH\CLI\Console.php(48): CodeIgniter\CLI\Commands->run('app:view', [...])
 3 SYSTEMPATH\Boot.php(351): CodeIgniter\CLI\Console->run()
 4 SYSTEMPATH\Boot.php(104): CodeIgniter\Boot::runCommand(Object(CodeIgniter\CLI\Console))
 5 ROOTPATH\spark(84): CodeIgniter\Boot::bootSpark(Object(Config\Paths))
WARNING - 2024-10-29 15:41:09 --> [DEPRECATED] Creation of dynamic property App\Commands\View::$template is deprecated in APPPATH\Commands\View.php on line 64.
 1 SYSTEMPATH\CLI\Commands.php(70): App\Commands\View->run([...])
 2 SYSTEMPATH\CLI\Console.php(48): CodeIgniter\CLI\Commands->run('app:view', [...])
 3 SYSTEMPATH\Boot.php(351): CodeIgniter\CLI\Console->run()
 4 SYSTEMPATH\Boot.php(104): CodeIgniter\Boot::runCommand(Object(CodeIgniter\CLI\Console))
 5 ROOTPATH\spark(84): CodeIgniter\Boot::bootSpark(Object(Config\Paths))
WARNING - 2024-10-29 15:41:09 --> [DEPRECATED] Creation of dynamic property App\Commands\View::$classNameLang is deprecated in APPPATH\Commands\View.php on line 65.
 1 SYSTEMPATH\CLI\Commands.php(70): App\Commands\View->run([...])
 2 SYSTEMPATH\CLI\Console.php(48): CodeIgniter\CLI\Commands->run('app:view', [...])
 3 SYSTEMPATH\Boot.php(351): CodeIgniter\CLI\Console->run()
 4 SYSTEMPATH\Boot.php(104): CodeIgniter\Boot::runCommand(Object(CodeIgniter\CLI\Console))
 5 ROOTPATH\spark(84): CodeIgniter\Boot::bootSpark(Object(Config\Paths))
CRITICAL - 2024-10-29 15:41:09 --> Error: Call to undefined method App\Commands\View::generateClass()
[Method: CLI, Route: app:view/teste]
in APPPATH\Commands\View.php on line 67.
 1 SYSTEMPATH\CLI\Commands.php(70): App\Commands\View->run([...])
 2 SYSTEMPATH\CLI\Console.php(48): CodeIgniter\CLI\Commands->run('app:view', [...])
 3 SYSTEMPATH\Boot.php(351): CodeIgniter\CLI\Console->run()
 4 SYSTEMPATH\Boot.php(104): CodeIgniter\Boot::runCommand(Object(CodeIgniter\CLI\Console))
 5 ROOTPATH\spark(84): CodeIgniter\Boot::bootSpark(Object(Config\Paths))
ERROR - 2024-10-29 15:42:17 --> CodeIgniter\View\Exceptions\ViewException: Arquivo inválido: "app\Commands\Views\view.tpl.php" in C:\laragon\www\automacao\system\Exceptions\FrameworkException.php:41
Stack trace:
#0 C:\laragon\www\automacao\system\View\View.php(222): CodeIgniter\Exceptions\FrameworkException::forInvalidFile('app\\Commands\\Vi...')
#1 C:\laragon\www\automacao\system\Common.php(1171): CodeIgniter\View\View->render('app\\Commands\\Vi...', Array, true)
#2 C:\laragon\www\automacao\system\CLI\GeneratorTrait.php(347): view('app\\Commands\\Vi...', Array, Array)
#3 C:\laragon\www\automacao\system\CLI\GeneratorTrait.php(390): App\Commands\View->renderTemplate(Array)
#4 C:\laragon\www\automacao\system\CLI\GeneratorTrait.php(253): App\Commands\View->parseTemplate('App\\Views/teste...')
#5 C:\laragon\www\automacao\system\CLI\GeneratorTrait.php(400): App\Commands\View->prepare('App\\Views/teste...')
#6 C:\laragon\www\automacao\system\CLI\GeneratorTrait.php(135): App\Commands\View->buildContent('App\\Views/teste...')
#7 C:\laragon\www\automacao\app\Commands\View.php(69): App\Commands\View->generateClass(Array)
#8 C:\laragon\www\automacao\system\CLI\Commands.php(70): App\Commands\View->run(Array)
#9 C:\laragon\www\automacao\system\CLI\Console.php(48): CodeIgniter\CLI\Commands->run('app:view', Array)
#10 C:\laragon\www\automacao\system\Boot.php(351): CodeIgniter\CLI\Console->run()
#11 C:\laragon\www\automacao\system\Boot.php(104): CodeIgniter\Boot::runCommand(Object(CodeIgniter\CLI\Console))
#12 C:\laragon\www\automacao\spark(84): CodeIgniter\Boot::bootSpark(Object(Config\Paths))
#13 {main}
CRITICAL - 2024-10-29 15:42:17 --> CodeIgniter\View\Exceptions\ViewException: Arquivo inválido: "CodeIgniter\Commands\Generators\Views\view.tpl.php"
[Method: CLI, Route: app:view/teste]
in SYSTEMPATH\Exceptions\FrameworkException.php on line 41.
 1 SYSTEMPATH\View\View.php(222): CodeIgniter\Exceptions\FrameworkException::forInvalidFile('CodeIgniter\\Commands\\Generators\\Views\\view.tpl.php')
 2 SYSTEMPATH\Common.php(1171): CodeIgniter\View\View->render('CodeIgniter\\Commands\\Generators\\Views\\view.tpl.php', [...], true)
 3 SYSTEMPATH\CLI\GeneratorTrait.php(351): view('CodeIgniter\\Commands\\Generators\\Views\\view.tpl.php', [], [...])
 4 SYSTEMPATH\CLI\GeneratorTrait.php(390): App\Commands\View->renderTemplate([])
 5 SYSTEMPATH\CLI\GeneratorTrait.php(253): App\Commands\View->parseTemplate('App\\Views/teste\\Teste')
 6 SYSTEMPATH\CLI\GeneratorTrait.php(400): App\Commands\View->prepare('App\\Views/teste\\Teste')
 7 SYSTEMPATH\CLI\GeneratorTrait.php(135): App\Commands\View->buildContent('App\\Views/teste\\Teste')
 8 APPPATH\Commands\View.php(69): App\Commands\View->generateClass([...])
 9 SYSTEMPATH\CLI\Commands.php(70): App\Commands\View->run([...])
10 SYSTEMPATH\CLI\Console.php(48): CodeIgniter\CLI\Commands->run('app:view', [...])
11 SYSTEMPATH\Boot.php(351): CodeIgniter\CLI\Console->run()
12 SYSTEMPATH\Boot.php(104): CodeIgniter\Boot::runCommand(Object(CodeIgniter\CLI\Console))
13 ROOTPATH\spark(84): CodeIgniter\Boot::bootSpark(Object(Config\Paths))
ERROR - 2024-10-29 15:42:57 --> ErrorException: Undefined variable $levelTypes in C:\laragon\www\automacao\app\Commands\Views\view.tpl.php:27
Stack trace:
#0 C:\laragon\www\automacao\app\Commands\Views\view.tpl.php(27): CodeIgniter\Debug\Exceptions->errorHandler(2, 'Undefined varia...', 'C:\\laragon\\www\\...', 27)
#1 C:\laragon\www\automacao\system\View\View.php(234): include('C:\\laragon\\www\\...')
#2 C:\laragon\www\automacao\system\View\View.php(237): CodeIgniter\View\View->CodeIgniter\View\{closure}()
#3 C:\laragon\www\automacao\system\Common.php(1171): CodeIgniter\View\View->render('App\\Commands\\Vi...', Array, true)
#4 C:\laragon\www\automacao\system\CLI\GeneratorTrait.php(347): view('App\\Commands\\Vi...', Array, Array)
#5 C:\laragon\www\automacao\system\CLI\GeneratorTrait.php(390): App\Commands\View->renderTemplate(Array)
#6 C:\laragon\www\automacao\system\CLI\GeneratorTrait.php(253): App\Commands\View->parseTemplate('App\\Views/teste...')
#7 C:\laragon\www\automacao\system\CLI\GeneratorTrait.php(400): App\Commands\View->prepare('App\\Views/teste...')
#8 C:\laragon\www\automacao\system\CLI\GeneratorTrait.php(135): App\Commands\View->buildContent('App\\Views/teste...')
#9 C:\laragon\www\automacao\app\Commands\View.php(69): App\Commands\View->generateClass(Array)
#10 C:\laragon\www\automacao\system\CLI\Commands.php(70): App\Commands\View->run(Array)
#11 C:\laragon\www\automacao\system\CLI\Console.php(48): CodeIgniter\CLI\Commands->run('app:view', Array)
#12 C:\laragon\www\automacao\system\Boot.php(351): CodeIgniter\CLI\Console->run()
#13 C:\laragon\www\automacao\system\Boot.php(104): CodeIgniter\Boot::runCommand(Object(CodeIgniter\CLI\Console))
#14 C:\laragon\www\automacao\spark(84): CodeIgniter\Boot::bootSpark(Object(Config\Paths))
#15 {main}
CRITICAL - 2024-10-29 15:42:57 --> CodeIgniter\View\Exceptions\ViewException: Arquivo inválido: "CodeIgniter\Commands\Generators\Views\view.tpl.php"
[Method: CLI, Route: app:view/teste]
in SYSTEMPATH\Exceptions\FrameworkException.php on line 41.
 1 SYSTEMPATH\View\View.php(222): CodeIgniter\Exceptions\FrameworkException::forInvalidFile('CodeIgniter\\Commands\\Generators\\Views\\view.tpl.php')
 2 SYSTEMPATH\Common.php(1171): CodeIgniter\View\View->render('CodeIgniter\\Commands\\Generators\\Views\\view.tpl.php', [...], true)
 3 SYSTEMPATH\CLI\GeneratorTrait.php(351): view('CodeIgniter\\Commands\\Generators\\Views\\view.tpl.php', [], [...])
 4 SYSTEMPATH\CLI\GeneratorTrait.php(390): App\Commands\View->renderTemplate([])
 5 SYSTEMPATH\CLI\GeneratorTrait.php(253): App\Commands\View->parseTemplate('App\\Views/teste\\Teste')
 6 SYSTEMPATH\CLI\GeneratorTrait.php(400): App\Commands\View->prepare('App\\Views/teste\\Teste')
 7 SYSTEMPATH\CLI\GeneratorTrait.php(135): App\Commands\View->buildContent('App\\Views/teste\\Teste')
 8 APPPATH\Commands\View.php(69): App\Commands\View->generateClass([...])
 9 SYSTEMPATH\CLI\Commands.php(70): App\Commands\View->run([...])
10 SYSTEMPATH\CLI\Console.php(48): CodeIgniter\CLI\Commands->run('app:view', [...])
11 SYSTEMPATH\Boot.php(351): CodeIgniter\CLI\Console->run()
12 SYSTEMPATH\Boot.php(104): CodeIgniter\Boot::runCommand(Object(CodeIgniter\CLI\Console))
13 ROOTPATH\spark(84): CodeIgniter\Boot::bootSpark(Object(Config\Paths))
ERROR - 2024-10-29 15:43:40 --> ErrorException: Undefined variable $levelTypes in C:\laragon\www\automacao\app\Commands\Views\view.tpl.php:27
Stack trace:
#0 C:\laragon\www\automacao\app\Commands\Views\view.tpl.php(27): CodeIgniter\Debug\Exceptions->errorHandler(2, 'Undefined varia...', 'C:\\laragon\\www\\...', 27)
#1 C:\laragon\www\automacao\system\View\View.php(234): include('C:\\laragon\\www\\...')
#2 C:\laragon\www\automacao\system\View\View.php(237): CodeIgniter\View\View->CodeIgniter\View\{closure}()
#3 C:\laragon\www\automacao\system\Common.php(1171): CodeIgniter\View\View->render('App\\Commands\\Vi...', Array, true)
#4 C:\laragon\www\automacao\system\CLI\GeneratorTrait.php(347): view('App\\Commands\\Vi...', Array, Array)
#5 C:\laragon\www\automacao\system\CLI\GeneratorTrait.php(390): App\Commands\View->renderTemplate(Array)
#6 C:\laragon\www\automacao\system\CLI\GeneratorTrait.php(253): App\Commands\View->parseTemplate('App\\Views/teste...')
#7 C:\laragon\www\automacao\system\CLI\GeneratorTrait.php(400): App\Commands\View->prepare('App\\Views/teste...')
#8 C:\laragon\www\automacao\system\CLI\GeneratorTrait.php(135): App\Commands\View->buildContent('App\\Views/teste...')
#9 C:\laragon\www\automacao\app\Commands\View.php(69): App\Commands\View->generateClass(Array)
#10 C:\laragon\www\automacao\system\CLI\Commands.php(70): App\Commands\View->run(Array)
#11 C:\laragon\www\automacao\system\CLI\Console.php(48): CodeIgniter\CLI\Commands->run('app:view', Array)
#12 C:\laragon\www\automacao\system\Boot.php(351): CodeIgniter\CLI\Console->run()
#13 C:\laragon\www\automacao\system\Boot.php(104): CodeIgniter\Boot::runCommand(Object(CodeIgniter\CLI\Console))
#14 C:\laragon\www\automacao\spark(84): CodeIgniter\Boot::bootSpark(Object(Config\Paths))
#15 {main}
CRITICAL - 2024-10-29 15:43:40 --> CodeIgniter\View\Exceptions\ViewException: Arquivo inválido: "CodeIgniter\Commands\Generators\Views\view.tpl.php"
[Method: CLI, Route: app:view/teste]
in SYSTEMPATH\Exceptions\FrameworkException.php on line 41.
 1 SYSTEMPATH\View\View.php(222): CodeIgniter\Exceptions\FrameworkException::forInvalidFile('CodeIgniter\\Commands\\Generators\\Views\\view.tpl.php')
 2 SYSTEMPATH\Common.php(1171): CodeIgniter\View\View->render('CodeIgniter\\Commands\\Generators\\Views\\view.tpl.php', [...], true)
 3 SYSTEMPATH\CLI\GeneratorTrait.php(351): view('CodeIgniter\\Commands\\Generators\\Views\\view.tpl.php', [], [...])
 4 SYSTEMPATH\CLI\GeneratorTrait.php(390): App\Commands\View->renderTemplate([])
 5 SYSTEMPATH\CLI\GeneratorTrait.php(253): App\Commands\View->parseTemplate('App\\Views/teste\\Teste')
 6 SYSTEMPATH\CLI\GeneratorTrait.php(400): App\Commands\View->prepare('App\\Views/teste\\Teste')
 7 SYSTEMPATH\CLI\GeneratorTrait.php(135): App\Commands\View->buildContent('App\\Views/teste\\Teste')
 8 APPPATH\Commands\View.php(69): App\Commands\View->generateClass([...])
 9 SYSTEMPATH\CLI\Commands.php(70): App\Commands\View->run([...])
10 SYSTEMPATH\CLI\Console.php(48): CodeIgniter\CLI\Commands->run('app:view', [...])
11 SYSTEMPATH\Boot.php(351): CodeIgniter\CLI\Console->run()
12 SYSTEMPATH\Boot.php(104): CodeIgniter\Boot::runCommand(Object(CodeIgniter\CLI\Console))
13 ROOTPATH\spark(84): CodeIgniter\Boot::bootSpark(Object(Config\Paths))
ERROR - 2024-10-29 15:45:47 --> ErrorException: Undefined variable $levelTypes in C:\laragon\www\automacao\app\Commands\Views\view.tpl.php:27
Stack trace:
#0 C:\laragon\www\automacao\app\Commands\Views\view.tpl.php(27): CodeIgniter\Debug\Exceptions->errorHandler(2, 'Undefined varia...', 'C:\\laragon\\www\\...', 27)
#1 C:\laragon\www\automacao\system\View\View.php(234): include('C:\\laragon\\www\\...')
#2 C:\laragon\www\automacao\system\View\View.php(237): CodeIgniter\View\View->CodeIgniter\View\{closure}()
#3 C:\laragon\www\automacao\system\Common.php(1171): CodeIgniter\View\View->render('App\\Commands\\Vi...', Array, true)
#4 C:\laragon\www\automacao\system\CLI\GeneratorTrait.php(347): view('App\\Commands\\Vi...', Array, Array)
#5 C:\laragon\www\automacao\system\CLI\GeneratorTrait.php(390): App\Commands\View->renderTemplate(Array)
#6 C:\laragon\www\automacao\system\CLI\GeneratorTrait.php(253): App\Commands\View->parseTemplate('App\\Views/teste...')
#7 C:\laragon\www\automacao\system\CLI\GeneratorTrait.php(400): App\Commands\View->prepare('App\\Views/teste...')
#8 C:\laragon\www\automacao\system\CLI\GeneratorTrait.php(155): App\Commands\View->buildContent('App\\Views/teste...')
#9 C:\laragon\www\automacao\app\Commands\View.php(78): App\Commands\View->generateView('App\\Views/teste...', Array)
#10 C:\laragon\www\automacao\system\CLI\Commands.php(70): App\Commands\View->run(Array)
#11 C:\laragon\www\automacao\system\CLI\Console.php(48): CodeIgniter\CLI\Commands->run('app:view', Array)
#12 C:\laragon\www\automacao\system\Boot.php(351): CodeIgniter\CLI\Console->run()
#13 C:\laragon\www\automacao\system\Boot.php(104): CodeIgniter\Boot::runCommand(Object(CodeIgniter\CLI\Console))
#14 C:\laragon\www\automacao\spark(84): CodeIgniter\Boot::bootSpark(Object(Config\Paths))
#15 {main}
CRITICAL - 2024-10-29 15:45:47 --> CodeIgniter\View\Exceptions\ViewException: Arquivo inválido: "CodeIgniter\Commands\Generators\Views\view.tpl.php"
[Method: CLI, Route: app:view/teste]
in SYSTEMPATH\Exceptions\FrameworkException.php on line 41.
 1 SYSTEMPATH\View\View.php(222): CodeIgniter\Exceptions\FrameworkException::forInvalidFile('CodeIgniter\\Commands\\Generators\\Views\\view.tpl.php')
 2 SYSTEMPATH\Common.php(1171): CodeIgniter\View\View->render('CodeIgniter\\Commands\\Generators\\Views\\view.tpl.php', [...], true)
 3 SYSTEMPATH\CLI\GeneratorTrait.php(351): view('CodeIgniter\\Commands\\Generators\\Views\\view.tpl.php', [], [...])
 4 SYSTEMPATH\CLI\GeneratorTrait.php(390): App\Commands\View->renderTemplate([])
 5 SYSTEMPATH\CLI\GeneratorTrait.php(253): App\Commands\View->parseTemplate('App\\Views/teste\\teste')
 6 SYSTEMPATH\CLI\GeneratorTrait.php(400): App\Commands\View->prepare('App\\Views/teste\\teste')
 7 SYSTEMPATH\CLI\GeneratorTrait.php(155): App\Commands\View->buildContent('App\\Views/teste\\teste')
 8 APPPATH\Commands\View.php(78): App\Commands\View->generateView('App\\Views/teste\\teste', [...])
 9 SYSTEMPATH\CLI\Commands.php(70): App\Commands\View->run([...])
10 SYSTEMPATH\CLI\Console.php(48): CodeIgniter\CLI\Commands->run('app:view', [...])
11 SYSTEMPATH\Boot.php(351): CodeIgniter\CLI\Console->run()
12 SYSTEMPATH\Boot.php(104): CodeIgniter\Boot::runCommand(Object(CodeIgniter\CLI\Console))
13 ROOTPATH\spark(84): CodeIgniter\Boot::bootSpark(Object(Config\Paths))
ERROR - 2024-10-29 15:46:30 --> CodeIgniter\Router\Exceptions\RouterException: A rota "levelTypes/add" não foi encontrada. in C:\laragon\www\automacao\system\Helpers\url_helper.php:494
Stack trace:
#0 C:\laragon\www\automacao\system\Helpers\url_helper.php(494): CodeIgniter\Router\Exceptions\RouterException::forInvalidRoute('levelTypes/add')
#1 C:\laragon\www\automacao\app\Commands\Views\view.tpl.php(13): url_to('levelTypes/add')
#2 C:\laragon\www\automacao\system\View\View.php(234): include('C:\\laragon\\www\\...')
#3 C:\laragon\www\automacao\system\View\View.php(237): CodeIgniter\View\View->CodeIgniter\View\{closure}()
#4 C:\laragon\www\automacao\system\Common.php(1171): CodeIgniter\View\View->render('App\\Commands\\Vi...', Array, true)
#5 C:\laragon\www\automacao\system\CLI\GeneratorTrait.php(347): view('App\\Commands\\Vi...', Array, Array)
#6 C:\laragon\www\automacao\system\CLI\GeneratorTrait.php(390): App\Commands\View->renderTemplate(Array)
#7 C:\laragon\www\automacao\system\CLI\GeneratorTrait.php(253): App\Commands\View->parseTemplate('App\\Views/teste...')
#8 C:\laragon\www\automacao\system\CLI\GeneratorTrait.php(400): App\Commands\View->prepare('App\\Views/teste...')
#9 C:\laragon\www\automacao\system\CLI\GeneratorTrait.php(155): App\Commands\View->buildContent('App\\Views/teste...')
#10 C:\laragon\www\automacao\app\Commands\View.php(78): App\Commands\View->generateView('App\\Views/teste...', Array)
#11 C:\laragon\www\automacao\system\CLI\Commands.php(70): App\Commands\View->run(Array)
#12 C:\laragon\www\automacao\system\CLI\Console.php(48): CodeIgniter\CLI\Commands->run('app:view', Array)
#13 C:\laragon\www\automacao\system\Boot.php(351): CodeIgniter\CLI\Console->run()
#14 C:\laragon\www\automacao\system\Boot.php(104): CodeIgniter\Boot::runCommand(Object(CodeIgniter\CLI\Console))
#15 C:\laragon\www\automacao\spark(84): CodeIgniter\Boot::bootSpark(Object(Config\Paths))
#16 {main}
CRITICAL - 2024-10-29 15:46:30 --> CodeIgniter\View\Exceptions\ViewException: Arquivo inválido: "CodeIgniter\Commands\Generators\Views\view.tpl.php"
[Method: CLI, Route: app:view/teste]
in SYSTEMPATH\Exceptions\FrameworkException.php on line 41.
 1 SYSTEMPATH\View\View.php(222): CodeIgniter\Exceptions\FrameworkException::forInvalidFile('CodeIgniter\\Commands\\Generators\\Views\\view.tpl.php')
 2 SYSTEMPATH\Common.php(1171): CodeIgniter\View\View->render('CodeIgniter\\Commands\\Generators\\Views\\view.tpl.php', [...], true)
 3 SYSTEMPATH\CLI\GeneratorTrait.php(351): view('CodeIgniter\\Commands\\Generators\\Views\\view.tpl.php', [], [...])
 4 SYSTEMPATH\CLI\GeneratorTrait.php(390): App\Commands\View->renderTemplate([])
 5 SYSTEMPATH\CLI\GeneratorTrait.php(253): App\Commands\View->parseTemplate('App\\Views/teste\\teste')
 6 SYSTEMPATH\CLI\GeneratorTrait.php(400): App\Commands\View->prepare('App\\Views/teste\\teste')
 7 SYSTEMPATH\CLI\GeneratorTrait.php(155): App\Commands\View->buildContent('App\\Views/teste\\teste')
 8 APPPATH\Commands\View.php(78): App\Commands\View->generateView('App\\Views/teste\\teste', [...])
 9 SYSTEMPATH\CLI\Commands.php(70): App\Commands\View->run([...])
10 SYSTEMPATH\CLI\Console.php(48): CodeIgniter\CLI\Commands->run('app:view', [...])
11 SYSTEMPATH\Boot.php(351): CodeIgniter\CLI\Console->run()
12 SYSTEMPATH\Boot.php(104): CodeIgniter\Boot::runCommand(Object(CodeIgniter\CLI\Console))
13 ROOTPATH\spark(84): CodeIgniter\Boot::bootSpark(Object(Config\Paths))
ERROR - 2024-10-29 15:48:34 --> CodeIgniter\Router\Exceptions\RouterException: A rota "levelTypes/add" não foi encontrada. in C:\laragon\www\automacao\system\Helpers\url_helper.php:494
Stack trace:
#0 C:\laragon\www\automacao\system\Helpers\url_helper.php(494): CodeIgniter\Router\Exceptions\RouterException::forInvalidRoute('levelTypes/add')
#1 C:\laragon\www\automacao\app\Commands\Views\view.tpl.php(10): url_to('levelTypes/add')
#2 C:\laragon\www\automacao\system\View\View.php(234): include('C:\\laragon\\www\\...')
#3 C:\laragon\www\automacao\system\View\View.php(237): CodeIgniter\View\View->CodeIgniter\View\{closure}()
#4 C:\laragon\www\automacao\system\Common.php(1171): CodeIgniter\View\View->render('App\\Commands\\Vi...', Array, true)
#5 C:\laragon\www\automacao\system\CLI\GeneratorTrait.php(347): view('App\\Commands\\Vi...', Array, Array)
#6 C:\laragon\www\automacao\system\CLI\GeneratorTrait.php(390): App\Commands\View->renderTemplate(Array)
#7 C:\laragon\www\automacao\system\CLI\GeneratorTrait.php(253): App\Commands\View->parseTemplate('App\\Views/teste...')
#8 C:\laragon\www\automacao\system\CLI\GeneratorTrait.php(400): App\Commands\View->prepare('App\\Views/teste...')
#9 C:\laragon\www\automacao\system\CLI\GeneratorTrait.php(155): App\Commands\View->buildContent('App\\Views/teste...')
#10 C:\laragon\www\automacao\app\Commands\View.php(78): App\Commands\View->generateView('App\\Views/teste...', Array)
#11 C:\laragon\www\automacao\system\CLI\Commands.php(70): App\Commands\View->run(Array)
#12 C:\laragon\www\automacao\system\CLI\Console.php(48): CodeIgniter\CLI\Commands->run('app:view', Array)
#13 C:\laragon\www\automacao\system\Boot.php(351): CodeIgniter\CLI\Console->run()
#14 C:\laragon\www\automacao\system\Boot.php(104): CodeIgniter\Boot::runCommand(Object(CodeIgniter\CLI\Console))
#15 C:\laragon\www\automacao\spark(84): CodeIgniter\Boot::bootSpark(Object(Config\Paths))
#16 {main}
CRITICAL - 2024-10-29 15:48:34 --> CodeIgniter\View\Exceptions\ViewException: Arquivo inválido: "CodeIgniter\Commands\Generators\Views\view.tpl.php"
[Method: CLI, Route: app:view/teste]
in SYSTEMPATH\Exceptions\FrameworkException.php on line 41.
 1 SYSTEMPATH\View\View.php(222): CodeIgniter\Exceptions\FrameworkException::forInvalidFile('CodeIgniter\\Commands\\Generators\\Views\\view.tpl.php')
 2 SYSTEMPATH\Common.php(1171): CodeIgniter\View\View->render('CodeIgniter\\Commands\\Generators\\Views\\view.tpl.php', [...], true)
 3 SYSTEMPATH\CLI\GeneratorTrait.php(351): view('CodeIgniter\\Commands\\Generators\\Views\\view.tpl.php', [], [...])
 4 SYSTEMPATH\CLI\GeneratorTrait.php(390): App\Commands\View->renderTemplate([])
 5 SYSTEMPATH\CLI\GeneratorTrait.php(253): App\Commands\View->parseTemplate('App\\Views/teste\\teste')
 6 SYSTEMPATH\CLI\GeneratorTrait.php(400): App\Commands\View->prepare('App\\Views/teste\\teste')
 7 SYSTEMPATH\CLI\GeneratorTrait.php(155): App\Commands\View->buildContent('App\\Views/teste\\teste')
 8 APPPATH\Commands\View.php(78): App\Commands\View->generateView('App\\Views/teste\\teste', [...])
 9 SYSTEMPATH\CLI\Commands.php(70): App\Commands\View->run([...])
10 SYSTEMPATH\CLI\Console.php(48): CodeIgniter\CLI\Commands->run('app:view', [...])
11 SYSTEMPATH\Boot.php(351): CodeIgniter\CLI\Console->run()
12 SYSTEMPATH\Boot.php(104): CodeIgniter\Boot::runCommand(Object(CodeIgniter\CLI\Console))
13 ROOTPATH\spark(84): CodeIgniter\Boot::bootSpark(Object(Config\Paths))
ERROR - 2024-10-29 15:49:51 --> ErrorException: Undefined variable $levelTypes in C:\laragon\www\automacao\app\Commands\Views\view.tpl.php:24
Stack trace:
#0 C:\laragon\www\automacao\app\Commands\Views\view.tpl.php(24): CodeIgniter\Debug\Exceptions->errorHandler(2, 'Undefined varia...', 'C:\\laragon\\www\\...', 24)
#1 C:\laragon\www\automacao\system\View\View.php(234): include('C:\\laragon\\www\\...')
#2 C:\laragon\www\automacao\system\View\View.php(237): CodeIgniter\View\View->CodeIgniter\View\{closure}()
#3 C:\laragon\www\automacao\system\Common.php(1171): CodeIgniter\View\View->render('App\\Commands\\Vi...', Array, true)
#4 C:\laragon\www\automacao\system\CLI\GeneratorTrait.php(347): view('App\\Commands\\Vi...', Array, Array)
#5 C:\laragon\www\automacao\system\CLI\GeneratorTrait.php(390): App\Commands\View->renderTemplate(Array)
#6 C:\laragon\www\automacao\system\CLI\GeneratorTrait.php(253): App\Commands\View->parseTemplate('App\\Views/teste...')
#7 C:\laragon\www\automacao\system\CLI\GeneratorTrait.php(400): App\Commands\View->prepare('App\\Views/teste...')
#8 C:\laragon\www\automacao\system\CLI\GeneratorTrait.php(155): App\Commands\View->buildContent('App\\Views/teste...')
#9 C:\laragon\www\automacao\app\Commands\View.php(78): App\Commands\View->generateView('App\\Views/teste...', Array)
#10 C:\laragon\www\automacao\system\CLI\Commands.php(70): App\Commands\View->run(Array)
#11 C:\laragon\www\automacao\system\CLI\Console.php(48): CodeIgniter\CLI\Commands->run('app:view', Array)
#12 C:\laragon\www\automacao\system\Boot.php(351): CodeIgniter\CLI\Console->run()
#13 C:\laragon\www\automacao\system\Boot.php(104): CodeIgniter\Boot::runCommand(Object(CodeIgniter\CLI\Console))
#14 C:\laragon\www\automacao\spark(84): CodeIgniter\Boot::bootSpark(Object(Config\Paths))
#15 {main}
CRITICAL - 2024-10-29 15:49:51 --> CodeIgniter\View\Exceptions\ViewException: Arquivo inválido: "CodeIgniter\Commands\Generators\Views\view.tpl.php"
[Method: CLI, Route: app:view/teste]
in SYSTEMPATH\Exceptions\FrameworkException.php on line 41.
 1 SYSTEMPATH\View\View.php(222): CodeIgniter\Exceptions\FrameworkException::forInvalidFile('CodeIgniter\\Commands\\Generators\\Views\\view.tpl.php')
 2 SYSTEMPATH\Common.php(1171): CodeIgniter\View\View->render('CodeIgniter\\Commands\\Generators\\Views\\view.tpl.php', [...], true)
 3 SYSTEMPATH\CLI\GeneratorTrait.php(351): view('CodeIgniter\\Commands\\Generators\\Views\\view.tpl.php', [], [...])
 4 SYSTEMPATH\CLI\GeneratorTrait.php(390): App\Commands\View->renderTemplate([])
 5 SYSTEMPATH\CLI\GeneratorTrait.php(253): App\Commands\View->parseTemplate('App\\Views/teste\\teste')
 6 SYSTEMPATH\CLI\GeneratorTrait.php(400): App\Commands\View->prepare('App\\Views/teste\\teste')
 7 SYSTEMPATH\CLI\GeneratorTrait.php(155): App\Commands\View->buildContent('App\\Views/teste\\teste')
 8 APPPATH\Commands\View.php(78): App\Commands\View->generateView('App\\Views/teste\\teste', [...])
 9 SYSTEMPATH\CLI\Commands.php(70): App\Commands\View->run([...])
10 SYSTEMPATH\CLI\Console.php(48): CodeIgniter\CLI\Commands->run('app:view', [...])
11 SYSTEMPATH\Boot.php(351): CodeIgniter\CLI\Console->run()
12 SYSTEMPATH\Boot.php(104): CodeIgniter\Boot::runCommand(Object(CodeIgniter\CLI\Console))
13 ROOTPATH\spark(84): CodeIgniter\Boot::bootSpark(Object(Config\Paths))
ERROR - 2024-10-29 15:50:24 --> ErrorException: Undefined variable $levelType in C:\laragon\www\automacao\app\Commands\Views\view.tpl.php:26
Stack trace:
#0 C:\laragon\www\automacao\app\Commands\Views\view.tpl.php(26): CodeIgniter\Debug\Exceptions->errorHandler(2, 'Undefined varia...', 'C:\\laragon\\www\\...', 26)
#1 C:\laragon\www\automacao\system\View\View.php(234): include('C:\\laragon\\www\\...')
#2 C:\laragon\www\automacao\system\View\View.php(237): CodeIgniter\View\View->CodeIgniter\View\{closure}()
#3 C:\laragon\www\automacao\system\Common.php(1171): CodeIgniter\View\View->render('App\\Commands\\Vi...', Array, true)
#4 C:\laragon\www\automacao\system\CLI\GeneratorTrait.php(347): view('App\\Commands\\Vi...', Array, Array)
#5 C:\laragon\www\automacao\system\CLI\GeneratorTrait.php(390): App\Commands\View->renderTemplate(Array)
#6 C:\laragon\www\automacao\system\CLI\GeneratorTrait.php(253): App\Commands\View->parseTemplate('App\\Views/teste...')
#7 C:\laragon\www\automacao\system\CLI\GeneratorTrait.php(400): App\Commands\View->prepare('App\\Views/teste...')
#8 C:\laragon\www\automacao\system\CLI\GeneratorTrait.php(155): App\Commands\View->buildContent('App\\Views/teste...')
#9 C:\laragon\www\automacao\app\Commands\View.php(78): App\Commands\View->generateView('App\\Views/teste...', Array)
#10 C:\laragon\www\automacao\system\CLI\Commands.php(70): App\Commands\View->run(Array)
#11 C:\laragon\www\automacao\system\CLI\Console.php(48): CodeIgniter\CLI\Commands->run('app:view', Array)
#12 C:\laragon\www\automacao\system\Boot.php(351): CodeIgniter\CLI\Console->run()
#13 C:\laragon\www\automacao\system\Boot.php(104): CodeIgniter\Boot::runCommand(Object(CodeIgniter\CLI\Console))
#14 C:\laragon\www\automacao\spark(84): CodeIgniter\Boot::bootSpark(Object(Config\Paths))
#15 {main}
CRITICAL - 2024-10-29 15:50:24 --> CodeIgniter\View\Exceptions\ViewException: Arquivo inválido: "CodeIgniter\Commands\Generators\Views\view.tpl.php"
[Method: CLI, Route: app:view/teste]
in SYSTEMPATH\Exceptions\FrameworkException.php on line 41.
 1 SYSTEMPATH\View\View.php(222): CodeIgniter\Exceptions\FrameworkException::forInvalidFile('CodeIgniter\\Commands\\Generators\\Views\\view.tpl.php')
 2 SYSTEMPATH\Common.php(1171): CodeIgniter\View\View->render('CodeIgniter\\Commands\\Generators\\Views\\view.tpl.php', [...], true)
 3 SYSTEMPATH\CLI\GeneratorTrait.php(351): view('CodeIgniter\\Commands\\Generators\\Views\\view.tpl.php', [], [...])
 4 SYSTEMPATH\CLI\GeneratorTrait.php(390): App\Commands\View->renderTemplate([])
 5 SYSTEMPATH\CLI\GeneratorTrait.php(253): App\Commands\View->parseTemplate('App\\Views/teste\\teste')
 6 SYSTEMPATH\CLI\GeneratorTrait.php(400): App\Commands\View->prepare('App\\Views/teste\\teste')
 7 SYSTEMPATH\CLI\GeneratorTrait.php(155): App\Commands\View->buildContent('App\\Views/teste\\teste')
 8 APPPATH\Commands\View.php(78): App\Commands\View->generateView('App\\Views/teste\\teste', [...])
 9 SYSTEMPATH\CLI\Commands.php(70): App\Commands\View->run([...])
10 SYSTEMPATH\CLI\Console.php(48): CodeIgniter\CLI\Commands->run('app:view', [...])
11 SYSTEMPATH\Boot.php(351): CodeIgniter\CLI\Console->run()
12 SYSTEMPATH\Boot.php(104): CodeIgniter\Boot::runCommand(Object(CodeIgniter\CLI\Console))
13 ROOTPATH\spark(84): CodeIgniter\Boot::bootSpark(Object(Config\Paths))
ERROR - 2024-10-29 15:55:42 --> Error: Call to undefined function form_open() in C:\laragon\www\automacao\app\Commands\Views\form.tpl.php:15
Stack trace:
#0 C:\laragon\www\automacao\system\View\View.php(234): include()
#1 C:\laragon\www\automacao\system\View\View.php(237): CodeIgniter\View\View->CodeIgniter\View\{closure}()
#2 C:\laragon\www\automacao\system\Common.php(1171): CodeIgniter\View\View->render('App\\Commands\\Vi...', Array, true)
#3 C:\laragon\www\automacao\system\CLI\GeneratorTrait.php(347): view('App\\Commands\\Vi...', Array, Array)
#4 C:\laragon\www\automacao\system\CLI\GeneratorTrait.php(390): App\Commands\Form->renderTemplate(Array)
#5 C:\laragon\www\automacao\system\CLI\GeneratorTrait.php(253): App\Commands\Form->parseTemplate('App\\Views/teste...')
#6 C:\laragon\www\automacao\system\CLI\GeneratorTrait.php(400): App\Commands\Form->prepare('App\\Views/teste...')
#7 C:\laragon\www\automacao\system\CLI\GeneratorTrait.php(155): App\Commands\Form->buildContent('App\\Views/teste...')
#8 C:\laragon\www\automacao\app\Commands\Form.php(78): App\Commands\Form->generateView('App\\Views/teste...', Array)
#9 C:\laragon\www\automacao\system\CLI\Commands.php(70): App\Commands\Form->run(Array)
#10 C:\laragon\www\automacao\system\CLI\Console.php(48): CodeIgniter\CLI\Commands->run('app:form', Array)
#11 C:\laragon\www\automacao\system\Boot.php(351): CodeIgniter\CLI\Console->run()
#12 C:\laragon\www\automacao\system\Boot.php(104): CodeIgniter\Boot::runCommand(Object(CodeIgniter\CLI\Console))
#13 C:\laragon\www\automacao\spark(84): CodeIgniter\Boot::bootSpark(Object(Config\Paths))
#14 {main}
CRITICAL - 2024-10-29 15:55:42 --> CodeIgniter\View\Exceptions\ViewException: Arquivo inválido: "CodeIgniter\Commands\Generators\Views\form.tpl.php"
[Method: CLI, Route: app:form/teste]
in SYSTEMPATH\Exceptions\FrameworkException.php on line 41.
 1 SYSTEMPATH\View\View.php(222): CodeIgniter\Exceptions\FrameworkException::forInvalidFile('CodeIgniter\\Commands\\Generators\\Views\\form.tpl.php')
 2 SYSTEMPATH\Common.php(1171): CodeIgniter\View\View->render('CodeIgniter\\Commands\\Generators\\Views\\form.tpl.php', [...], true)
 3 SYSTEMPATH\CLI\GeneratorTrait.php(351): view('CodeIgniter\\Commands\\Generators\\Views\\form.tpl.php', [], [...])
 4 SYSTEMPATH\CLI\GeneratorTrait.php(390): App\Commands\Form->renderTemplate([])
 5 SYSTEMPATH\CLI\GeneratorTrait.php(253): App\Commands\Form->parseTemplate('App\\Views/teste\\form')
 6 SYSTEMPATH\CLI\GeneratorTrait.php(400): App\Commands\Form->prepare('App\\Views/teste\\form')
 7 SYSTEMPATH\CLI\GeneratorTrait.php(155): App\Commands\Form->buildContent('App\\Views/teste\\form')
 8 APPPATH\Commands\Form.php(78): App\Commands\Form->generateView('App\\Views/teste\\form', [...])
 9 SYSTEMPATH\CLI\Commands.php(70): App\Commands\Form->run([...])
10 SYSTEMPATH\CLI\Console.php(48): CodeIgniter\CLI\Commands->run('app:form', [...])
11 SYSTEMPATH\Boot.php(351): CodeIgniter\CLI\Console->run()
12 SYSTEMPATH\Boot.php(104): CodeIgniter\Boot::runCommand(Object(CodeIgniter\CLI\Console))
13 ROOTPATH\spark(84): CodeIgniter\Boot::bootSpark(Object(Config\Paths))
CRITICAL - 2024-10-29 16:17:38 --> ErrorException: Undefined variable $params
[Method: CLI, Route: app:form/teste]
in APPPATH\Commands\Form.php on line 84.
 1 APPPATH\Commands\Form.php(84): CodeIgniter\Debug\Exceptions->errorHandler(2, 'Undefined variable $params', 'C:\\laragon\\www\\automacao\\app\\Commands\\Form.php', 84)
 2 SYSTEMPATH\CLI\GeneratorTrait.php(400): App\Commands\Form->prepare('App\\Views/teste\\form')
 3 SYSTEMPATH\CLI\GeneratorTrait.php(155): App\Commands\Form->buildContent('App\\Views/teste\\form')
 4 APPPATH\Commands\Form.php(79): App\Commands\Form->generateView('App\\Views/teste\\form', [...])
 5 SYSTEMPATH\CLI\Commands.php(70): App\Commands\Form->run([...])
 6 SYSTEMPATH\CLI\Console.php(48): CodeIgniter\CLI\Commands->run('app:form', [...])
 7 SYSTEMPATH\Boot.php(351): CodeIgniter\CLI\Console->run()
 8 SYSTEMPATH\Boot.php(104): CodeIgniter\Boot::runCommand(Object(CodeIgniter\CLI\Console))
 9 ROOTPATH\spark(84): CodeIgniter\Boot::bootSpark(Object(Config\Paths))
CRITICAL - 2024-10-29 16:20:44 --> TypeError: App\Commands\Form::generateClass(): Argument #1 ($params) must be of type array, string given, called in C:\laragon\www\automacao\app\Commands\Form.php on line 71
[Method: CLI, Route: app:form/teste]
in SYSTEMPATH\CLI\GeneratorTrait.php on line 120.
 1 APPPATH\Commands\Form.php(71): App\Commands\Form->generateClass('form')
 2 SYSTEMPATH\CLI\Commands.php(70): App\Commands\Form->run([...])
 3 SYSTEMPATH\CLI\Console.php(48): CodeIgniter\CLI\Commands->run('app:form', [...])
 4 SYSTEMPATH\Boot.php(351): CodeIgniter\CLI\Console->run()
 5 SYSTEMPATH\Boot.php(104): CodeIgniter\Boot::runCommand(Object(CodeIgniter\CLI\Console))
 6 ROOTPATH\spark(84): CodeIgniter\Boot::bootSpark(Object(Config\Paths))
CRITICAL - 2024-10-29 16:41:26 --> TypeError: Unsupported operand types: array + string
[Method: CLI, Route: app:magica/teste]
in APPPATH\Commands\Model.php on line 75.
 1 SYSTEMPATH\CLI\Commands.php(70): App\Commands\Model->run([...])
 2 SYSTEMPATH\CLI\BaseCommand.php(119): CodeIgniter\CLI\Commands->run('app:model', [...])
 3 APPPATH\Commands\Magica.php(98): CodeIgniter\CLI\BaseCommand->call('app:model', [...])
 4 SYSTEMPATH\CLI\Commands.php(70): App\Commands\Magica->run([...])
 5 SYSTEMPATH\CLI\Console.php(48): CodeIgniter\CLI\Commands->run('app:magica', [...])
 6 SYSTEMPATH\Boot.php(351): CodeIgniter\CLI\Console->run()
 7 SYSTEMPATH\Boot.php(104): CodeIgniter\Boot::runCommand(Object(CodeIgniter\CLI\Console))
 8 ROOTPATH\spark(84): CodeIgniter\Boot::bootSpark(Object(Config\Paths))
CRITICAL - 2024-10-29 16:41:56 --> TypeError: Unsupported operand types: string + string
[Method: CLI, Route: app:magica/teste]
in APPPATH\Commands\Model.php on line 76.
 1 SYSTEMPATH\CLI\Commands.php(70): App\Commands\Model->run([...])
 2 SYSTEMPATH\CLI\BaseCommand.php(119): CodeIgniter\CLI\Commands->run('app:model', [...])
 3 APPPATH\Commands\Magica.php(98): CodeIgniter\CLI\BaseCommand->call('app:model', [...])
 4 SYSTEMPATH\CLI\Commands.php(70): App\Commands\Magica->run([...])
 5 SYSTEMPATH\CLI\Console.php(48): CodeIgniter\CLI\Commands->run('app:magica', [...])
 6 SYSTEMPATH\Boot.php(351): CodeIgniter\CLI\Console->run()
 7 SYSTEMPATH\Boot.php(104): CodeIgniter\Boot::runCommand(Object(CodeIgniter\CLI\Console))
 8 ROOTPATH\spark(84): CodeIgniter\Boot::bootSpark(Object(Config\Paths))
WARNING - 2024-10-29 16:42:07 --> [DEPRECATED] Creation of dynamic property App\Commands\Migration::$component is deprecated in APPPATH\Commands\Migration.php on line 67.
 1 SYSTEMPATH\CLI\Commands.php(70): App\Commands\Migration->run([...])
 2 SYSTEMPATH\CLI\BaseCommand.php(119): CodeIgniter\CLI\Commands->run('app:migration', [...])
 3 APPPATH\Commands\Magica.php(101): CodeIgniter\CLI\BaseCommand->call('app:migration', [...])
 4 SYSTEMPATH\CLI\Commands.php(70): App\Commands\Magica->run([...])
 5 SYSTEMPATH\CLI\Console.php(48): CodeIgniter\CLI\Commands->run('app:magica', [...])
 6 SYSTEMPATH\Boot.php(351): CodeIgniter\CLI\Console->run()
 7 SYSTEMPATH\Boot.php(104): CodeIgniter\Boot::runCommand(Object(CodeIgniter\CLI\Console))
 8 ROOTPATH\spark(84): CodeIgniter\Boot::bootSpark(Object(Config\Paths))
WARNING - 2024-10-29 16:42:07 --> [DEPRECATED] Creation of dynamic property App\Commands\Migration::$directory is deprecated in APPPATH\Commands\Migration.php on line 68.
 1 SYSTEMPATH\CLI\Commands.php(70): App\Commands\Migration->run([...])
 2 SYSTEMPATH\CLI\BaseCommand.php(119): CodeIgniter\CLI\Commands->run('app:migration', [...])
 3 APPPATH\Commands\Magica.php(101): CodeIgniter\CLI\BaseCommand->call('app:migration', [...])
 4 SYSTEMPATH\CLI\Commands.php(70): App\Commands\Magica->run([...])
 5 SYSTEMPATH\CLI\Console.php(48): CodeIgniter\CLI\Commands->run('app:magica', [...])
 6 SYSTEMPATH\Boot.php(351): CodeIgniter\CLI\Console->run()
 7 SYSTEMPATH\Boot.php(104): CodeIgniter\Boot::runCommand(Object(CodeIgniter\CLI\Console))
 8 ROOTPATH\spark(84): CodeIgniter\Boot::bootSpark(Object(Config\Paths))
WARNING - 2024-10-29 16:42:07 --> [DEPRECATED] Creation of dynamic property App\Commands\Migration::$template is deprecated in APPPATH\Commands\Migration.php on line 69.
 1 SYSTEMPATH\CLI\Commands.php(70): App\Commands\Migration->run([...])
 2 SYSTEMPATH\CLI\BaseCommand.php(119): CodeIgniter\CLI\Commands->run('app:migration', [...])
 3 APPPATH\Commands\Magica.php(101): CodeIgniter\CLI\BaseCommand->call('app:migration', [...])
 4 SYSTEMPATH\CLI\Commands.php(70): App\Commands\Magica->run([...])
 5 SYSTEMPATH\CLI\Console.php(48): CodeIgniter\CLI\Commands->run('app:magica', [...])
 6 SYSTEMPATH\Boot.php(351): CodeIgniter\CLI\Console->run()
 7 SYSTEMPATH\Boot.php(104): CodeIgniter\Boot::runCommand(Object(CodeIgniter\CLI\Console))
 8 ROOTPATH\spark(84): CodeIgniter\Boot::bootSpark(Object(Config\Paths))
WARNING - 2024-10-29 16:42:07 --> [DEPRECATED] Creation of dynamic property App\Commands\Migration::$classNameLang is deprecated in APPPATH\Commands\Migration.php on line 76.
 1 SYSTEMPATH\CLI\Commands.php(70): App\Commands\Migration->run([...])
 2 SYSTEMPATH\CLI\BaseCommand.php(119): CodeIgniter\CLI\Commands->run('app:migration', [...])
 3 APPPATH\Commands\Magica.php(101): CodeIgniter\CLI\BaseCommand->call('app:migration', [...])
 4 SYSTEMPATH\CLI\Commands.php(70): App\Commands\Magica->run([...])
 5 SYSTEMPATH\CLI\Console.php(48): CodeIgniter\CLI\Commands->run('app:magica', [...])
 6 SYSTEMPATH\Boot.php(351): CodeIgniter\CLI\Console->run()
 7 SYSTEMPATH\Boot.php(104): CodeIgniter\Boot::runCommand(Object(CodeIgniter\CLI\Console))
 8 ROOTPATH\spark(84): CodeIgniter\Boot::bootSpark(Object(Config\Paths))
CRITICAL - 2024-10-29 16:42:07 --> Error: Call to undefined method App\Commands\Migration::generateClass()
[Method: CLI, Route: app:magica/teste]
in APPPATH\Commands\Migration.php on line 77.
 1 SYSTEMPATH\CLI\Commands.php(70): App\Commands\Migration->run([...])
 2 SYSTEMPATH\CLI\BaseCommand.php(119): CodeIgniter\CLI\Commands->run('app:migration', [...])
 3 APPPATH\Commands\Magica.php(101): CodeIgniter\CLI\BaseCommand->call('app:migration', [...])
 4 SYSTEMPATH\CLI\Commands.php(70): App\Commands\Magica->run([...])
 5 SYSTEMPATH\CLI\Console.php(48): CodeIgniter\CLI\Commands->run('app:magica', [...])
 6 SYSTEMPATH\Boot.php(351): CodeIgniter\CLI\Console->run()
 7 SYSTEMPATH\Boot.php(104): CodeIgniter\Boot::runCommand(Object(CodeIgniter\CLI\Console))
 8 ROOTPATH\spark(84): CodeIgniter\Boot::bootSpark(Object(Config\Paths))
WARNING - 2024-10-29 16:43:22 --> [DEPRECATED] Creation of dynamic property App\Commands\Migration::$component is deprecated in APPPATH\Commands\Migration.php on line 67.
 1 SYSTEMPATH\CLI\Commands.php(70): App\Commands\Migration->run([...])
 2 SYSTEMPATH\CLI\Console.php(48): CodeIgniter\CLI\Commands->run('app:migration', [...])
 3 SYSTEMPATH\Boot.php(351): CodeIgniter\CLI\Console->run()
 4 SYSTEMPATH\Boot.php(104): CodeIgniter\Boot::runCommand(Object(CodeIgniter\CLI\Console))
 5 ROOTPATH\spark(84): CodeIgniter\Boot::bootSpark(Object(Config\Paths))
WARNING - 2024-10-29 16:43:22 --> [DEPRECATED] Creation of dynamic property App\Commands\Migration::$directory is deprecated in APPPATH\Commands\Migration.php on line 68.
 1 SYSTEMPATH\CLI\Commands.php(70): App\Commands\Migration->run([...])
 2 SYSTEMPATH\CLI\Console.php(48): CodeIgniter\CLI\Commands->run('app:migration', [...])
 3 SYSTEMPATH\Boot.php(351): CodeIgniter\CLI\Console->run()
 4 SYSTEMPATH\Boot.php(104): CodeIgniter\Boot::runCommand(Object(CodeIgniter\CLI\Console))
 5 ROOTPATH\spark(84): CodeIgniter\Boot::bootSpark(Object(Config\Paths))
WARNING - 2024-10-29 16:43:22 --> [DEPRECATED] Creation of dynamic property App\Commands\Migration::$template is deprecated in APPPATH\Commands\Migration.php on line 69.
 1 SYSTEMPATH\CLI\Commands.php(70): App\Commands\Migration->run([...])
 2 SYSTEMPATH\CLI\Console.php(48): CodeIgniter\CLI\Commands->run('app:migration', [...])
 3 SYSTEMPATH\Boot.php(351): CodeIgniter\CLI\Console->run()
 4 SYSTEMPATH\Boot.php(104): CodeIgniter\Boot::runCommand(Object(CodeIgniter\CLI\Console))
 5 ROOTPATH\spark(84): CodeIgniter\Boot::bootSpark(Object(Config\Paths))
WARNING - 2024-10-29 16:43:22 --> [DEPRECATED] Creation of dynamic property App\Commands\Migration::$classNameLang is deprecated in APPPATH\Commands\Migration.php on line 76.
 1 SYSTEMPATH\CLI\Commands.php(70): App\Commands\Migration->run([...])
 2 SYSTEMPATH\CLI\Console.php(48): CodeIgniter\CLI\Commands->run('app:migration', [...])
 3 SYSTEMPATH\Boot.php(351): CodeIgniter\CLI\Console->run()
 4 SYSTEMPATH\Boot.php(104): CodeIgniter\Boot::runCommand(Object(CodeIgniter\CLI\Console))
 5 ROOTPATH\spark(84): CodeIgniter\Boot::bootSpark(Object(Config\Paths))
CRITICAL - 2024-10-29 16:43:22 --> Error: Call to undefined method App\Commands\Migration::generateClass()
[Method: CLI, Route: app:migration/teste]
in APPPATH\Commands\Migration.php on line 77.
 1 SYSTEMPATH\CLI\Commands.php(70): App\Commands\Migration->run([...])
 2 SYSTEMPATH\CLI\Console.php(48): CodeIgniter\CLI\Commands->run('app:migration', [...])
 3 SYSTEMPATH\Boot.php(351): CodeIgniter\CLI\Console->run()
 4 SYSTEMPATH\Boot.php(104): CodeIgniter\Boot::runCommand(Object(CodeIgniter\CLI\Console))
 5 ROOTPATH\spark(84): CodeIgniter\Boot::bootSpark(Object(Config\Paths))
ERROR - 2024-10-29 17:22:26 --> ErrorException: Undefined variable $table in C:\laragon\www\automacao\app\Commands\Views\migration.tpl.php:34
Stack trace:
#0 C:\laragon\www\automacao\app\Commands\Views\migration.tpl.php(34): CodeIgniter\Debug\Exceptions->errorHandler(2, 'Undefined varia...', 'C:\\laragon\\www\\...', 34)
#1 C:\laragon\www\automacao\system\View\View.php(234): include('C:\\laragon\\www\\...')
#2 C:\laragon\www\automacao\system\View\View.php(237): CodeIgniter\View\View->CodeIgniter\View\{closure}()
#3 C:\laragon\www\automacao\system\Common.php(1171): CodeIgniter\View\View->render('App\\Commands\\Vi...', Array, true)
#4 C:\laragon\www\automacao\system\CLI\GeneratorTrait.php(347): view('App\\Commands\\Vi...', Array, Array)
#5 C:\laragon\www\automacao\system\CLI\GeneratorTrait.php(390): App\Commands\Migration->renderTemplate(Array)
#6 C:\laragon\www\automacao\app\Commands\Migration.php(105): App\Commands\Migration->parseTemplate('App\\Database\\Mi...', Array, Array, Array)
#7 C:\laragon\www\automacao\system\CLI\GeneratorTrait.php(400): App\Commands\Migration->prepare('App\\Database\\Mi...')
#8 C:\laragon\www\automacao\system\CLI\GeneratorTrait.php(135): App\Commands\Migration->buildContent('App\\Database\\Mi...')
#9 C:\laragon\www\automacao\app\Commands\Migration.php(82): App\Commands\Migration->generateClass(Array)
#10 C:\laragon\www\automacao\system\CLI\Commands.php(70): App\Commands\Migration->run(Array)
#11 C:\laragon\www\automacao\system\CLI\Console.php(48): CodeIgniter\CLI\Commands->run('app:migration', Array)
#12 C:\laragon\www\automacao\system\Boot.php(351): CodeIgniter\CLI\Console->run()
#13 C:\laragon\www\automacao\system\Boot.php(104): CodeIgniter\Boot::runCommand(Object(CodeIgniter\CLI\Console))
#14 C:\laragon\www\automacao\spark(84): CodeIgniter\Boot::bootSpark(Object(Config\Paths))
#15 {main}
ERROR - 2024-10-29 17:23:27 --> ErrorException: Undefined variable $table in C:\laragon\www\automacao\app\Commands\Views\migration.tpl.php:34
Stack trace:
#0 C:\laragon\www\automacao\app\Commands\Views\migration.tpl.php(34): CodeIgniter\Debug\Exceptions->errorHandler(2, 'Undefined varia...', 'C:\\laragon\\www\\...', 34)
#1 C:\laragon\www\automacao\system\View\View.php(234): include('C:\\laragon\\www\\...')
#2 C:\laragon\www\automacao\system\View\View.php(237): CodeIgniter\View\View->CodeIgniter\View\{closure}()
#3 C:\laragon\www\automacao\system\Common.php(1171): CodeIgniter\View\View->render('App\\Commands\\Vi...', Array, true)
#4 C:\laragon\www\automacao\system\CLI\GeneratorTrait.php(347): view('App\\Commands\\Vi...', Array, Array)
#5 C:\laragon\www\automacao\system\CLI\GeneratorTrait.php(390): App\Commands\Migration->renderTemplate(Array)
#6 C:\laragon\www\automacao\app\Commands\Migration.php(105): App\Commands\Migration->parseTemplate('App\\Database\\Mi...', Array, Array, Array)
#7 C:\laragon\www\automacao\system\CLI\GeneratorTrait.php(400): App\Commands\Migration->prepare('App\\Database\\Mi...')
#8 C:\laragon\www\automacao\system\CLI\GeneratorTrait.php(135): App\Commands\Migration->buildContent('App\\Database\\Mi...')
#9 C:\laragon\www\automacao\app\Commands\Migration.php(82): App\Commands\Migration->generateClass(Array)
#10 C:\laragon\www\automacao\system\CLI\Commands.php(70): App\Commands\Migration->run(Array)
#11 C:\laragon\www\automacao\system\CLI\Console.php(48): CodeIgniter\CLI\Commands->run('app:migration', Array)
#12 C:\laragon\www\automacao\system\Boot.php(351): CodeIgniter\CLI\Console->run()
#13 C:\laragon\www\automacao\system\Boot.php(104): CodeIgniter\Boot::runCommand(Object(CodeIgniter\CLI\Console))
#14 C:\laragon\www\automacao\spark(84): CodeIgniter\Boot::bootSpark(Object(Config\Paths))
#15 {main}
INFO - 2024-10-29 17:31:35 --> Session: Class initialized using 'CodeIgniter\Session\Handlers\FileHandler' driver.
INFO - 2024-10-29 17:31:36 --> Session: Class initialized using 'CodeIgniter\Session\Handlers\FileHandler' driver.
INFO - 2024-10-29 17:31:40 --> Session: Class initialized using 'CodeIgniter\Session\Handlers\FileHandler' driver.
INFO - 2024-10-29 17:31:41 --> Session: Class initialized using 'CodeIgniter\Session\Handlers\FileHandler' driver.
CRITICAL - 2024-10-29 17:31:59 --> ErrorException: Undefined variable $categorys
[Method: GET, Route: category]
in APPPATH\Views\category\category.php on line 27.
 1 APPPATH\Views\category\category.php(27): CodeIgniter\Debug\Exceptions->errorHandler(2, 'Undefined variable $categorys', 'C:\\laragon\\www\\automacao\\app\\Views\\category\\category.php', 27)
 2 SYSTEMPATH\View\View.php(234): include('C:\\laragon\\www\\automacao\\app\\Views\\category\\category.php')
 3 SYSTEMPATH\View\View.php(237): CodeIgniter\View\View->CodeIgniter\View\{closure}()
 4 SYSTEMPATH\Common.php(1171): CodeIgniter\View\View->render('Category/Category', [], true)
 5 APPPATH\Controllers\Category.php(19): view('Category/Category', [...])
 6 SYSTEMPATH\CodeIgniter.php(933): App\Controllers\Category->index()
 7 SYSTEMPATH\CodeIgniter.php(509): CodeIgniter\CodeIgniter->runController(Object(App\Controllers\Category))
 8 SYSTEMPATH\CodeIgniter.php(355): CodeIgniter\CodeIgniter->handleRequest(null, Object(Config\Cache), false)
 9 SYSTEMPATH\Boot.php(325): CodeIgniter\CodeIgniter->run()
10 SYSTEMPATH\Boot.php(67): CodeIgniter\Boot::runCodeIgniter(Object(CodeIgniter\CodeIgniter))
11 FCPATH\index.php(56): CodeIgniter\Boot::bootWeb(Object(Config\Paths))
INFO - 2024-10-29 17:42:20 --> Session: Class initialized using 'CodeIgniter\Session\Handlers\FileHandler' driver.
INFO - 2024-10-29 17:42:21 --> Session: Class initialized using 'CodeIgniter\Session\Handlers\FileHandler' driver.
CRITICAL - 2024-10-29 17:42:31 --> ErrorException: Undefined variable $category
[Method: GET, Route: category]
in APPPATH\Views\category\category.php on line 27.
 1 APPPATH\Views\category\category.php(27): CodeIgniter\Debug\Exceptions->errorHandler(2, 'Undefined variable $category', 'C:\\laragon\\www\\automacao\\app\\Views\\category\\category.php', 27)
 2 SYSTEMPATH\View\View.php(234): include('C:\\laragon\\www\\automacao\\app\\Views\\category\\category.php')
 3 SYSTEMPATH\View\View.php(237): CodeIgniter\View\View->CodeIgniter\View\{closure}()
 4 SYSTEMPATH\Common.php(1171): CodeIgniter\View\View->render('Category/Category', [], true)
 5 APPPATH\Controllers\Category.php(19): view('Category/Category', [...])
 6 SYSTEMPATH\CodeIgniter.php(933): App\Controllers\Category->index()
 7 SYSTEMPATH\CodeIgniter.php(509): CodeIgniter\CodeIgniter->runController(Object(App\Controllers\Category))
 8 SYSTEMPATH\CodeIgniter.php(355): CodeIgniter\CodeIgniter->handleRequest(null, Object(Config\Cache), false)
 9 SYSTEMPATH\Boot.php(325): CodeIgniter\CodeIgniter->run()
10 SYSTEMPATH\Boot.php(67): CodeIgniter\Boot::runCodeIgniter(Object(CodeIgniter\CodeIgniter))
11 FCPATH\index.php(56): CodeIgniter\Boot::bootWeb(Object(Config\Paths))
INFO - 2024-10-29 17:43:06 --> Session: Class initialized using 'CodeIgniter\Session\Handlers\FileHandler' driver.
INFO - 2024-10-29 17:43:07 --> Session: Class initialized using 'CodeIgniter\Session\Handlers\FileHandler' driver.
INFO - 2024-10-29 17:45:58 --> Session: Class initialized using 'CodeIgniter\Session\Handlers\FileHandler' driver.
INFO - 2024-10-29 17:45:59 --> Session: Class initialized using 'CodeIgniter\Session\Handlers\FileHandler' driver.
CRITICAL - 2024-10-29 17:46:04 --> CodeIgniter\Router\Exceptions\RouterException: A rota "Category/add" não foi encontrada.
[Method: GET, Route: category]
in SYSTEMPATH\Helpers\url_helper.php on line 494.
 1 SYSTEMPATH\Helpers\url_helper.php(494): CodeIgniter\Router\Exceptions\RouterException::forInvalidRoute('Category/add')
 2 APPPATH\Views\category\Category.php(13): url_to('Category/add')
 3 SYSTEMPATH\View\View.php(234): include('C:\\laragon\\www\\automacao\\app\\Views\\category\\Category.php')
 4 SYSTEMPATH\View\View.php(237): CodeIgniter\View\View->CodeIgniter\View\{closure}()
 5 SYSTEMPATH\Common.php(1171): CodeIgniter\View\View->render('Category/Category', [], true)
 6 APPPATH\Controllers\Category.php(19): view('Category/Category', [...])
 7 SYSTEMPATH\CodeIgniter.php(933): App\Controllers\Category->index()
 8 SYSTEMPATH\CodeIgniter.php(509): CodeIgniter\CodeIgniter->runController(Object(App\Controllers\Category))
 9 SYSTEMPATH\CodeIgniter.php(355): CodeIgniter\CodeIgniter->handleRequest(null, Object(Config\Cache), false)
10 SYSTEMPATH\Boot.php(325): CodeIgniter\CodeIgniter->run()
11 SYSTEMPATH\Boot.php(67): CodeIgniter\Boot::runCodeIgniter(Object(CodeIgniter\CodeIgniter))
12 FCPATH\index.php(56): CodeIgniter\Boot::bootWeb(Object(Config\Paths))
INFO - 2024-10-29 17:46:36 --> Session: Class initialized using 'CodeIgniter\Session\Handlers\FileHandler' driver.
INFO - 2024-10-29 17:46:36 --> Session: Class initialized using 'CodeIgniter\Session\Handlers\FileHandler' driver.
INFO - 2024-10-29 17:47:09 --> Session: Class initialized using 'CodeIgniter\Session\Handlers\FileHandler' driver.
INFO - 2024-10-29 17:47:09 --> Session: Class initialized using 'CodeIgniter\Session\Handlers\FileHandler' driver.
INFO - 2024-10-29 17:47:22 --> Session: Class initialized using 'CodeIgniter\Session\Handlers\FileHandler' driver.
INFO - 2024-10-29 17:47:22 --> Session: Class initialized using 'CodeIgniter\Session\Handlers\FileHandler' driver.
INFO - 2024-10-29 17:47:25 --> Session: Class initialized using 'CodeIgniter\Session\Handlers\FileHandler' driver.
INFO - 2024-10-29 17:47:25 --> Session: Class initialized using 'CodeIgniter\Session\Handlers\FileHandler' driver.
INFO - 2024-10-29 17:47:28 --> Session: Class initialized using 'CodeIgniter\Session\Handlers\FileHandler' driver.
INFO - 2024-10-29 17:47:28 --> Session: Class initialized using 'CodeIgniter\Session\Handlers\FileHandler' driver.
INFO - 2024-10-29 17:47:42 --> Session: Class initialized using 'CodeIgniter\Session\Handlers\FileHandler' driver.
INFO - 2024-10-29 17:47:42 --> Session: Class initialized using 'CodeIgniter\Session\Handlers\FileHandler' driver.
INFO - 2024-10-29 17:48:41 --> Session: Class initialized using 'CodeIgniter\Session\Handlers\FileHandler' driver.
INFO - 2024-10-29 17:48:41 --> Session: Class initialized using 'CodeIgniter\Session\Handlers\FileHandler' driver.
INFO - 2024-10-29 17:48:57 --> Session: Class initialized using 'CodeIgniter\Session\Handlers\FileHandler' driver.
INFO - 2024-10-29 17:48:57 --> Session: Class initialized using 'CodeIgniter\Session\Handlers\FileHandler' driver.
INFO - 2024-10-29 17:49:26 --> Session: Class initialized using 'CodeIgniter\Session\Handlers\FileHandler' driver.
INFO - 2024-10-29 17:49:27 --> Session: Class initialized using 'CodeIgniter\Session\Handlers\FileHandler' driver.
INFO - 2024-10-29 17:49:34 --> Session: Class initialized using 'CodeIgniter\Session\Handlers\FileHandler' driver.
INFO - 2024-10-29 17:49:35 --> Session: Class initialized using 'CodeIgniter\Session\Handlers\FileHandler' driver.
INFO - 2024-10-29 17:49:41 --> Session: Class initialized using 'CodeIgniter\Session\Handlers\FileHandler' driver.
INFO - 2024-10-29 17:49:41 --> Session: Class initialized using 'CodeIgniter\Session\Handlers\FileHandler' driver.
INFO - 2024-10-29 17:49:48 --> Session: Class initialized using 'CodeIgniter\Session\Handlers\FileHandler' driver.
INFO - 2024-10-29 17:49:48 --> Session: Class initialized using 'CodeIgniter\Session\Handlers\FileHandler' driver.
INFO - 2024-10-29 17:49:56 --> Session: Class initialized using 'CodeIgniter\Session\Handlers\FileHandler' driver.
INFO - 2024-10-29 17:49:57 --> Session: Class initialized using 'CodeIgniter\Session\Handlers\FileHandler' driver.
INFO - 2024-10-29 17:49:59 --> Session: Class initialized using 'CodeIgniter\Session\Handlers\FileHandler' driver.
INFO - 2024-10-29 17:50:00 --> Session: Class initialized using 'CodeIgniter\Session\Handlers\FileHandler' driver.
INFO - 2024-10-29 17:50:02 --> Session: Class initialized using 'CodeIgniter\Session\Handlers\FileHandler' driver.
INFO - 2024-10-29 17:50:02 --> Session: Class initialized using 'CodeIgniter\Session\Handlers\FileHandler' driver.
INFO - 2024-10-29 17:54:07 --> Session: Class initialized using 'CodeIgniter\Session\Handlers\FileHandler' driver.
INFO - 2024-10-29 17:54:08 --> Session: Class initialized using 'CodeIgniter\Session\Handlers\FileHandler' driver.
INFO - 2024-10-29 17:54:08 --> Session: Class initialized using 'CodeIgniter\Session\Handlers\FileHandler' driver.
INFO - 2024-10-29 17:54:09 --> Session: Class initialized using 'CodeIgniter\Session\Handlers\FileHandler' driver.
INFO - 2024-10-29 17:54:45 --> Session: Class initialized using 'CodeIgniter\Session\Handlers\FileHandler' driver.
INFO - 2024-10-29 17:54:46 --> Session: Class initialized using 'CodeIgniter\Session\Handlers\FileHandler' driver.
INFO - 2024-10-29 17:54:48 --> Session: Class initialized using 'CodeIgniter\Session\Handlers\FileHandler' driver.
CRITICAL - 2024-10-29 17:54:48 --> ErrorException: Undefined array key "campo1"
[Method: GET, Route: category]
in APPPATH\Views\category\Category.php on line 30.
 1 APPPATH\Views\category\Category.php(30): CodeIgniter\Debug\Exceptions->errorHandler(2, 'Undefined array key "campo1"', 'C:\\laragon\\www\\automacao\\app\\Views\\category\\Category.php', 30)
 2 SYSTEMPATH\View\View.php(234): include('C:\\laragon\\www\\automacao\\app\\Views\\category\\Category.php')
 3 SYSTEMPATH\View\View.php(237): CodeIgniter\View\View->CodeIgniter\View\{closure}()
 4 SYSTEMPATH\Common.php(1171): CodeIgniter\View\View->render('Category/Category', [], true)
 5 APPPATH\Controllers\Category.php(19): view('Category/Category', [...])
 6 SYSTEMPATH\CodeIgniter.php(933): App\Controllers\Category->index()
 7 SYSTEMPATH\CodeIgniter.php(509): CodeIgniter\CodeIgniter->runController(Object(App\Controllers\Category))
 8 SYSTEMPATH\CodeIgniter.php(355): CodeIgniter\CodeIgniter->handleRequest(null, Object(Config\Cache), false)
 9 SYSTEMPATH\Boot.php(325): CodeIgniter\CodeIgniter->run()
10 SYSTEMPATH\Boot.php(67): CodeIgniter\Boot::runCodeIgniter(Object(CodeIgniter\CodeIgniter))
11 FCPATH\index.php(56): CodeIgniter\Boot::bootWeb(Object(Config\Paths))
INFO - 2024-10-29 17:55:07 --> Session: Class initialized using 'CodeIgniter\Session\Handlers\FileHandler' driver.
INFO - 2024-10-29 17:55:07 --> Session: Class initialized using 'CodeIgniter\Session\Handlers\FileHandler' driver.
INFO - 2024-10-29 17:55:10 --> Session: Class initialized using 'CodeIgniter\Session\Handlers\FileHandler' driver.
INFO - 2024-10-29 17:55:10 --> Session: Class initialized using 'CodeIgniter\Session\Handlers\FileHandler' driver.
INFO - 2024-10-29 17:55:12 --> Session: Class initialized using 'CodeIgniter\Session\Handlers\FileHandler' driver.
INFO - 2024-10-29 17:55:12 --> Session: Class initialized using 'CodeIgniter\Session\Handlers\FileHandler' driver.
INFO - 2024-10-29 17:55:12 --> Session: Class initialized using 'CodeIgniter\Session\Handlers\FileHandler' driver.
INFO - 2024-10-29 17:55:15 --> Session: Class initialized using 'CodeIgniter\Session\Handlers\FileHandler' driver.
INFO - 2024-10-29 17:55:15 --> Session: Class initialized using 'CodeIgniter\Session\Handlers\FileHandler' driver.
INFO - 2024-10-29 17:55:17 --> Session: Class initialized using 'CodeIgniter\Session\Handlers\FileHandler' driver.
INFO - 2024-10-29 17:55:17 --> Session: Class initialized using 'CodeIgniter\Session\Handlers\FileHandler' driver.
INFO - 2024-10-29 17:55:18 --> Session: Class initialized using 'CodeIgniter\Session\Handlers\FileHandler' driver.
INFO - 2024-10-29 17:55:20 --> Session: Class initialized using 'CodeIgniter\Session\Handlers\FileHandler' driver.
INFO - 2024-10-29 17:55:20 --> Session: Class initialized using 'CodeIgniter\Session\Handlers\FileHandler' driver.
INFO - 2024-10-29 17:55:20 --> Session: Class initialized using 'CodeIgniter\Session\Handlers\FileHandler' driver.
INFO - 2024-10-29 17:55:24 --> Session: Class initialized using 'CodeIgniter\Session\Handlers\FileHandler' driver.
INFO - 2024-10-29 17:55:24 --> Session: Class initialized using 'CodeIgniter\Session\Handlers\FileHandler' driver.
INFO - 2024-10-29 17:55:27 --> Session: Class initialized using 'CodeIgniter\Session\Handlers\FileHandler' driver.
INFO - 2024-10-29 17:55:28 --> Session: Class initialized using 'CodeIgniter\Session\Handlers\FileHandler' driver.
INFO - 2024-10-29 17:55:28 --> Session: Class initialized using 'CodeIgniter\Session\Handlers\FileHandler' driver.
INFO - 2024-10-29 17:55:29 --> Session: Class initialized using 'CodeIgniter\Session\Handlers\FileHandler' driver.
INFO - 2024-10-29 17:55:29 --> Session: Class initialized using 'CodeIgniter\Session\Handlers\FileHandler' driver.
INFO - 2024-10-29 17:55:31 --> Session: Class initialized using 'CodeIgniter\Session\Handlers\FileHandler' driver.
INFO - 2024-10-29 17:55:32 --> Session: Class initialized using 'CodeIgniter\Session\Handlers\FileHandler' driver.
INFO - 2024-10-29 17:55:32 --> Session: Class initialized using 'CodeIgniter\Session\Handlers\FileHandler' driver.
CRITICAL - 2024-10-29 18:10:36 --> CodeIgniter\CLI\Exceptions\CLIException: Cor inválida "background": "dark_blue".
[Method: CLI, Route: app:magica/sex]
in SYSTEMPATH\CLI\CLI.php on line 594.
 1 SYSTEMPATH\CLI\CLI.php(594): CodeIgniter\CLI\Exceptions\CLIException::forInvalidColor('background', 'dark_blue')
 2 SYSTEMPATH\CLI\CLI.php(462): CodeIgniter\CLI\CLI::color('Sequencia de uso da rotina:', 'white', 'dark_blue')
 3 APPPATH\Commands\Magica.php(115): CodeIgniter\CLI\CLI::write('Sequencia de uso da rotina:', 'white', 'dark_blue')
 4 SYSTEMPATH\CLI\Commands.php(70): App\Commands\Magica->run([...])
 5 SYSTEMPATH\CLI\Console.php(48): CodeIgniter\CLI\Commands->run('app:magica', [...])
 6 SYSTEMPATH\Boot.php(351): CodeIgniter\CLI\Console->run()
 7 SYSTEMPATH\Boot.php(104): CodeIgniter\Boot::runCommand(Object(CodeIgniter\CLI\Console))
 8 ROOTPATH\spark(84): CodeIgniter\Boot::bootSpark(Object(Config\Paths))
CRITICAL - 2024-10-29 18:11:02 --> CodeIgniter\CLI\Exceptions\CLIException: Cor inválida "background": "white".
[Method: CLI, Route: app:magica/sex]
in SYSTEMPATH\CLI\CLI.php on line 594.
 1 SYSTEMPATH\CLI\CLI.php(594): CodeIgniter\CLI\Exceptions\CLIException::forInvalidColor('background', 'white')
 2 SYSTEMPATH\CLI\CLI.php(462): CodeIgniter\CLI\CLI::color('SER FELIZ', 'green', 'white')
 3 APPPATH\Commands\Magica.php(120): CodeIgniter\CLI\CLI::write('SER FELIZ', 'green', 'white')
 4 SYSTEMPATH\CLI\Commands.php(70): App\Commands\Magica->run([...])
 5 SYSTEMPATH\CLI\Console.php(48): CodeIgniter\CLI\Commands->run('app:magica', [...])
 6 SYSTEMPATH\Boot.php(351): CodeIgniter\CLI\Console->run()
 7 SYSTEMPATH\Boot.php(104): CodeIgniter\Boot::runCommand(Object(CodeIgniter\CLI\Console))
 8 ROOTPATH\spark(84): CodeIgniter\Boot::bootSpark(Object(Config\Paths))
INFO - 2024-10-29 18:13:41 --> Session: Class initialized using 'CodeIgniter\Session\Handlers\FileHandler' driver.
INFO - 2024-10-29 18:13:42 --> Session: Class initialized using 'CodeIgniter\Session\Handlers\FileHandler' driver.
INFO - 2024-10-29 18:13:45 --> Session: Class initialized using 'CodeIgniter\Session\Handlers\FileHandler' driver.
INFO - 2024-10-29 18:13:45 --> Session: Class initialized using 'CodeIgniter\Session\Handlers\FileHandler' driver.
INFO - 2024-10-29 18:13:47 --> Session: Class initialized using 'CodeIgniter\Session\Handlers\FileHandler' driver.
INFO - 2024-10-29 18:13:47 --> Session: Class initialized using 'CodeIgniter\Session\Handlers\FileHandler' driver.
CRITICAL - 2024-10-29 18:13:50 --> CodeIgniter\Database\Exceptions\DataException: Os campos permitidos devem ser especificados para o model: "App\Models\SexModel"
[Method: POST, Route: sex/save]
in SYSTEMPATH\Model.php on line 824.
 1 SYSTEMPATH\Model.php(824): CodeIgniter\Database\Exceptions\DataException::forInvalidAllowedFields('App\\Models\\SexModel')
 2 SYSTEMPATH\BaseModel.php(821): CodeIgniter\Model->doProtectFieldsForInsert([...])
 3 SYSTEMPATH\Model.php(802): CodeIgniter\BaseModel->insert([...], false)
 4 SYSTEMPATH\BaseModel.php(751): CodeIgniter\Model->insert([...], false)
 5 APPPATH\Controllers\Sex.php(57): CodeIgniter\BaseModel->save([...])
 6 SYSTEMPATH\CodeIgniter.php(933): App\Controllers\Sex->save()
 7 SYSTEMPATH\CodeIgniter.php(509): CodeIgniter\CodeIgniter->runController(Object(App\Controllers\Sex))
 8 SYSTEMPATH\CodeIgniter.php(355): CodeIgniter\CodeIgniter->handleRequest(null, Object(Config\Cache), false)
 9 SYSTEMPATH\Boot.php(325): CodeIgniter\CodeIgniter->run()
10 SYSTEMPATH\Boot.php(67): CodeIgniter\Boot::runCodeIgniter(Object(CodeIgniter\CodeIgniter))
11 FCPATH\index.php(56): CodeIgniter\Boot::bootWeb(Object(Config\Paths))
INFO - 2024-10-29 18:14:14 --> Session: Class initialized using 'CodeIgniter\Session\Handlers\FileHandler' driver.
INFO - 2024-10-29 18:14:15 --> Session: Class initialized using 'CodeIgniter\Session\Handlers\FileHandler' driver.
INFO - 2024-10-29 18:14:42 --> Session: Class initialized using 'CodeIgniter\Session\Handlers\FileHandler' driver.
CRITICAL - 2024-10-29 18:14:42 --> ErrorException: Undefined array key "sexo"
[Method: GET, Route: sex]
in APPPATH\Views\sex\Sex.php on line 30.
 1 APPPATH\Views\sex\Sex.php(30): CodeIgniter\Debug\Exceptions->errorHandler(2, 'Undefined array key "sexo"', 'C:\\laragon\\www\\automacao\\app\\Views\\sex\\Sex.php', 30)
 2 SYSTEMPATH\View\View.php(234): include('C:\\laragon\\www\\automacao\\app\\Views\\sex\\Sex.php')
 3 SYSTEMPATH\View\View.php(237): CodeIgniter\View\View->CodeIgniter\View\{closure}()
 4 SYSTEMPATH\Common.php(1171): CodeIgniter\View\View->render('Sex/Sex', [], true)
 5 APPPATH\Controllers\Sex.php(19): view('Sex/Sex', [...])
 6 SYSTEMPATH\CodeIgniter.php(933): App\Controllers\Sex->index()
 7 SYSTEMPATH\CodeIgniter.php(509): CodeIgniter\CodeIgniter->runController(Object(App\Controllers\Sex))
 8 SYSTEMPATH\CodeIgniter.php(355): CodeIgniter\CodeIgniter->handleRequest(null, Object(Config\Cache), false)
 9 SYSTEMPATH\Boot.php(325): CodeIgniter\CodeIgniter->run()
10 SYSTEMPATH\Boot.php(67): CodeIgniter\Boot::runCodeIgniter(Object(CodeIgniter\CodeIgniter))
11 FCPATH\index.php(56): CodeIgniter\Boot::bootWeb(Object(Config\Paths))
INFO - 2024-10-29 18:14:54 --> Session: Class initialized using 'CodeIgniter\Session\Handlers\FileHandler' driver.
INFO - 2024-10-29 18:14:55 --> Session: Class initialized using 'CodeIgniter\Session\Handlers\FileHandler' driver.
INFO - 2024-10-29 18:14:56 --> Session: Class initialized using 'CodeIgniter\Session\Handlers\FileHandler' driver.
INFO - 2024-10-29 18:14:56 --> Session: Class initialized using 'CodeIgniter\Session\Handlers\FileHandler' driver.
INFO - 2024-10-29 18:15:01 --> Session: Class initialized using 'CodeIgniter\Session\Handlers\FileHandler' driver.
INFO - 2024-10-29 18:15:01 --> Session: Class initialized using 'CodeIgniter\Session\Handlers\FileHandler' driver.
INFO - 2024-10-29 18:15:01 --> Session: Class initialized using 'CodeIgniter\Session\Handlers\FileHandler' driver.
INFO - 2024-10-29 18:15:02 --> Session: Class initialized using 'CodeIgniter\Session\Handlers\FileHandler' driver.
INFO - 2024-10-29 18:15:03 --> Session: Class initialized using 'CodeIgniter\Session\Handlers\FileHandler' driver.
INFO - 2024-10-29 18:15:06 --> Session: Class initialized using 'CodeIgniter\Session\Handlers\FileHandler' driver.
INFO - 2024-10-29 18:15:06 --> Session: Class initialized using 'CodeIgniter\Session\Handlers\FileHandler' driver.
INFO - 2024-10-29 18:15:07 --> Session: Class initialized using 'CodeIgniter\Session\Handlers\FileHandler' driver.
INFO - 2024-10-29 18:15:08 --> Session: Class initialized using 'CodeIgniter\Session\Handlers\FileHandler' driver.
INFO - 2024-10-29 18:18:00 --> Session: Class initialized using 'CodeIgniter\Session\Handlers\FileHandler' driver.
INFO - 2024-10-29 18:18:00 --> Session: Class initialized using 'CodeIgniter\Session\Handlers\FileHandler' driver.
INFO - 2024-10-29 18:18:02 --> Session: Class initialized using 'CodeIgniter\Session\Handlers\FileHandler' driver.
INFO - 2024-10-29 18:18:03 --> Session: Class initialized using 'CodeIgniter\Session\Handlers\FileHandler' driver.
INFO - 2024-10-29 18:18:04 --> Session: Class initialized using 'CodeIgniter\Session\Handlers\FileHandler' driver.
INFO - 2024-10-29 18:18:04 --> Session: Class initialized using 'CodeIgniter\Session\Handlers\FileHandler' driver.
INFO - 2024-10-29 18:18:50 --> Session: Class initialized using 'CodeIgniter\Session\Handlers\FileHandler' driver.
INFO - 2024-10-29 18:18:50 --> Session: Class initialized using 'CodeIgniter\Session\Handlers\FileHandler' driver.
INFO - 2024-10-29 18:18:52 --> Session: Class initialized using 'CodeIgniter\Session\Handlers\FileHandler' driver.
INFO - 2024-10-29 18:18:53 --> Session: Class initialized using 'CodeIgniter\Session\Handlers\FileHandler' driver.
INFO - 2024-10-29 18:18:53 --> Session: Class initialized using 'CodeIgniter\Session\Handlers\FileHandler' driver.
INFO - 2024-10-29 18:18:54 --> Session: Class initialized using 'CodeIgniter\Session\Handlers\FileHandler' driver.
INFO - 2024-10-29 18:18:54 --> Session: Class initialized using 'CodeIgniter\Session\Handlers\FileHandler' driver.
INFO - 2024-10-29 18:18:56 --> Session: Class initialized using 'CodeIgniter\Session\Handlers\FileHandler' driver.
INFO - 2024-10-29 18:18:57 --> Session: Class initialized using 'CodeIgniter\Session\Handlers\FileHandler' driver.
INFO - 2024-10-29 18:18:57 --> Session: Class initialized using 'CodeIgniter\Session\Handlers\FileHandler' driver.
INFO - 2024-10-29 18:18:58 --> Session: Class initialized using 'CodeIgniter\Session\Handlers\FileHandler' driver.
INFO - 2024-10-29 18:18:58 --> Session: Class initialized using 'CodeIgniter\Session\Handlers\FileHandler' driver.
INFO - 2024-10-29 18:19:01 --> Session: Class initialized using 'CodeIgniter\Session\Handlers\FileHandler' driver.
INFO - 2024-10-29 18:19:02 --> Session: Class initialized using 'CodeIgniter\Session\Handlers\FileHandler' driver.
INFO - 2024-10-29 18:19:02 --> Session: Class initialized using 'CodeIgniter\Session\Handlers\FileHandler' driver.
INFO - 2024-10-29 18:19:20 --> Session: Class initialized using 'CodeIgniter\Session\Handlers\FileHandler' driver.
INFO - 2024-10-29 18:19:20 --> Session: Class initialized using 'CodeIgniter\Session\Handlers\FileHandler' driver.
INFO - 2024-10-29 18:19:22 --> Session: Class initialized using 'CodeIgniter\Session\Handlers\FileHandler' driver.
INFO - 2024-10-29 18:19:22 --> Session: Class initialized using 'CodeIgniter\Session\Handlers\FileHandler' driver.
INFO - 2024-10-29 18:19:25 --> Session: Class initialized using 'CodeIgniter\Session\Handlers\FileHandler' driver.
INFO - 2024-10-29 18:19:25 --> Session: Class initialized using 'CodeIgniter\Session\Handlers\FileHandler' driver.
INFO - 2024-10-29 18:19:26 --> Session: Class initialized using 'CodeIgniter\Session\Handlers\FileHandler' driver.
INFO - 2024-10-29 18:19:26 --> Session: Class initialized using 'CodeIgniter\Session\Handlers\FileHandler' driver.
INFO - 2024-10-29 18:19:30 --> Session: Class initialized using 'CodeIgniter\Session\Handlers\FileHandler' driver.
INFO - 2024-10-29 18:19:30 --> Session: Class initialized using 'CodeIgniter\Session\Handlers\FileHandler' driver.
INFO - 2024-10-29 18:20:31 --> Session: Class initialized using 'CodeIgniter\Session\Handlers\FileHandler' driver.
INFO - 2024-10-29 18:20:31 --> Session: Class initialized using 'CodeIgniter\Session\Handlers\FileHandler' driver.
INFO - 2024-10-29 18:21:00 --> Session: Class initialized using 'CodeIgniter\Session\Handlers\FileHandler' driver.
INFO - 2024-10-29 18:21:00 --> Session: Class initialized using 'CodeIgniter\Session\Handlers\FileHandler' driver.
INFO - 2024-10-29 18:21:01 --> Session: Class initialized using 'CodeIgniter\Session\Handlers\FileHandler' driver.
INFO - 2024-10-29 18:21:02 --> Session: Class initialized using 'CodeIgniter\Session\Handlers\FileHandler' driver.
INFO - 2024-10-29 18:21:02 --> Session: Class initialized using 'CodeIgniter\Session\Handlers\FileHandler' driver.
INFO - 2024-10-29 18:21:03 --> Session: Class initialized using 'CodeIgniter\Session\Handlers\FileHandler' driver.
INFO - 2024-10-29 18:21:06 --> Session: Class initialized using 'CodeIgniter\Session\Handlers\FileHandler' driver.
INFO - 2024-10-29 18:21:07 --> Session: Class initialized using 'CodeIgniter\Session\Handlers\FileHandler' driver.
INFO - 2024-10-29 18:21:08 --> Session: Class initialized using 'CodeIgniter\Session\Handlers\FileHandler' driver.
INFO - 2024-10-29 18:21:08 --> Session: Class initialized using 'CodeIgniter\Session\Handlers\FileHandler' driver.
INFO - 2024-10-29 18:21:09 --> Session: Class initialized using 'CodeIgniter\Session\Handlers\FileHandler' driver.
INFO - 2024-10-29 18:21:10 --> Session: Class initialized using 'CodeIgniter\Session\Handlers\FileHandler' driver.
ERROR - 2024-10-29 22:33:00 --> Error connecting to the database: mysqli_sql_exception: Unknown database 'automation' in C:\laragon\www\automacao\system\Database\MySQLi\Connection.php:187
Stack trace:
#0 C:\laragon\www\automacao\system\Database\MySQLi\Connection.php(187): mysqli->real_connect('localhost', 'root', '', 'automation', 3306, '', 0)
#1 C:\laragon\www\automacao\system\Database\BaseConnection.php(421): CodeIgniter\Database\MySQLi\Connection->connect(false)
#2 C:\laragon\www\automacao\system\Database\BaseConnection.php(616): CodeIgniter\Database\BaseConnection->initialize()
#3 C:\laragon\www\automacao\system\Database\BaseBuilder.php(1644): CodeIgniter\Database\BaseConnection->query('SELECT *\nFROM `...', Array, false)
#4 C:\laragon\www\automacao\vendor\codeigniter4\settings\src\Handlers\DatabaseHandler.php(186): CodeIgniter\Database\BaseBuilder->get()
#5 C:\laragon\www\automacao\vendor\codeigniter4\settings\src\Handlers\DatabaseHandler.php(51): CodeIgniter\Settings\Handlers\DatabaseHandler->hydrate(NULL)
#6 C:\laragon\www\automacao\vendor\codeigniter4\settings\src\Settings.php(59): CodeIgniter\Settings\Handlers\DatabaseHandler->has('Config\\Auth', 'sessionConfig', NULL)
#7 C:\laragon\www\automacao\vendor\codeigniter4\settings\src\Helpers\setting_helper.php(25): CodeIgniter\Settings\Settings->get('Auth.sessionCon...')
#8 C:\laragon\www\automacao\vendor\codeigniter4\shield\src\Authentication\Authenticators\Session.php(685): setting('Auth.sessionCon...')
#9 C:\laragon\www\automacao\vendor\codeigniter4\shield\src\Authentication\Authenticators\Session.php(703): CodeIgniter\Shield\Authentication\Authenticators\Session->getSessionUserInfo()
#10 C:\laragon\www\automacao\vendor\codeigniter4\shield\src\Authentication\Authenticators\Session.php(390): CodeIgniter\Shield\Authentication\Authenticators\Session->getSessionUserKey('id')
#11 C:\laragon\www\automacao\vendor\codeigniter4\shield\src\Authentication\Authenticators\Session.php(374): CodeIgniter\Shield\Authentication\Authenticators\Session->checkUserState()
#12 C:\laragon\www\automacao\vendor\codeigniter4\shield\src\Auth.php(103): CodeIgniter\Shield\Authentication\Authenticators\Session->loggedIn()
#13 C:\laragon\www\automacao\app\Views\layout\navbar.php(11): CodeIgniter\Shield\Auth->user()
#14 C:\laragon\www\automacao\system\View\View.php(234): include('C:\\laragon\\www\\...')
#15 C:\laragon\www\automacao\system\View\View.php(237): CodeIgniter\View\View->CodeIgniter\View\{closure}()
#16 C:\laragon\www\automacao\system\View\View.php(487): CodeIgniter\View\View->render('layout/navbar', NULL, true)
#17 C:\laragon\www\automacao\app\Views\layout\layout.php(5): CodeIgniter\View\View->include('layout/navbar')
#18 C:\laragon\www\automacao\system\View\View.php(234): include('C:\\laragon\\www\\...')
#19 C:\laragon\www\automacao\system\View\View.php(237): CodeIgniter\View\View->CodeIgniter\View\{closure}()
#20 C:\laragon\www\automacao\system\View\View.php(250): CodeIgniter\View\View->render('layout/layout', Array, true)
#21 C:\laragon\www\automacao\system\Common.php(1171): CodeIgniter\View\View->render('welcome_message', Array, true)
#22 C:\laragon\www\automacao\app\Controllers\Home.php(9): view('welcome_message')
#23 C:\laragon\www\automacao\system\CodeIgniter.php(933): App\Controllers\Home->index()
#24 C:\laragon\www\automacao\system\CodeIgniter.php(509): CodeIgniter\CodeIgniter->runController(Object(App\Controllers\Home))
#25 C:\laragon\www\automacao\system\CodeIgniter.php(355): CodeIgniter\CodeIgniter->handleRequest(NULL, Object(Config\Cache), false)
#26 C:\laragon\www\automacao\system\Boot.php(325): CodeIgniter\CodeIgniter->run()
#27 C:\laragon\www\automacao\system\Boot.php(67): CodeIgniter\Boot::runCodeIgniter(Object(CodeIgniter\CodeIgniter))
#28 C:\laragon\www\automacao\public\index.php(56): CodeIgniter\Boot::bootWeb(Object(Config\Paths))
#29 {main}

Next CodeIgniter\Database\Exceptions\DatabaseException: Unknown database 'automation' in C:\laragon\www\automacao\system\Database\MySQLi\Connection.php:231
Stack trace:
#0 C:\laragon\www\automacao\system\Database\BaseConnection.php(421): CodeIgniter\Database\MySQLi\Connection->connect(false)
#1 C:\laragon\www\automacao\system\Database\BaseConnection.php(616): CodeIgniter\Database\BaseConnection->initialize()
#2 C:\laragon\www\automacao\system\Database\BaseBuilder.php(1644): CodeIgniter\Database\BaseConnection->query('SELECT *\nFROM `...', Array, false)
#3 C:\laragon\www\automacao\vendor\codeigniter4\settings\src\Handlers\DatabaseHandler.php(186): CodeIgniter\Database\BaseBuilder->get()
#4 C:\laragon\www\automacao\vendor\codeigniter4\settings\src\Handlers\DatabaseHandler.php(51): CodeIgniter\Settings\Handlers\DatabaseHandler->hydrate(NULL)
#5 C:\laragon\www\automacao\vendor\codeigniter4\settings\src\Settings.php(59): CodeIgniter\Settings\Handlers\DatabaseHandler->has('Config\\Auth', 'sessionConfig', NULL)
#6 C:\laragon\www\automacao\vendor\codeigniter4\settings\src\Helpers\setting_helper.php(25): CodeIgniter\Settings\Settings->get('Auth.sessionCon...')
#7 C:\laragon\www\automacao\vendor\codeigniter4\shield\src\Authentication\Authenticators\Session.php(685): setting('Auth.sessionCon...')
#8 C:\laragon\www\automacao\vendor\codeigniter4\shield\src\Authentication\Authenticators\Session.php(703): CodeIgniter\Shield\Authentication\Authenticators\Session->getSessionUserInfo()
#9 C:\laragon\www\automacao\vendor\codeigniter4\shield\src\Authentication\Authenticators\Session.php(390): CodeIgniter\Shield\Authentication\Authenticators\Session->getSessionUserKey('id')
#10 C:\laragon\www\automacao\vendor\codeigniter4\shield\src\Authentication\Authenticators\Session.php(374): CodeIgniter\Shield\Authentication\Authenticators\Session->checkUserState()
#11 C:\laragon\www\automacao\vendor\codeigniter4\shield\src\Auth.php(103): CodeIgniter\Shield\Authentication\Authenticators\Session->loggedIn()
#12 C:\laragon\www\automacao\app\Views\layout\navbar.php(11): CodeIgniter\Shield\Auth->user()
#13 C:\laragon\www\automacao\system\View\View.php(234): include('C:\\laragon\\www\\...')
#14 C:\laragon\www\automacao\system\View\View.php(237): CodeIgniter\View\View->CodeIgniter\View\{closure}()
#15 C:\laragon\www\automacao\system\View\View.php(487): CodeIgniter\View\View->render('layout/navbar', NULL, true)
#16 C:\laragon\www\automacao\app\Views\layout\layout.php(5): CodeIgniter\View\View->include('layout/navbar')
#17 C:\laragon\www\automacao\system\View\View.php(234): include('C:\\laragon\\www\\...')
#18 C:\laragon\www\automacao\system\View\View.php(237): CodeIgniter\View\View->CodeIgniter\View\{closure}()
#19 C:\laragon\www\automacao\system\View\View.php(250): CodeIgniter\View\View->render('layout/layout', Array, true)
#20 C:\laragon\www\automacao\system\Common.php(1171): CodeIgniter\View\View->render('welcome_message', Array, true)
#21 C:\laragon\www\automacao\app\Controllers\Home.php(9): view('welcome_message')
#22 C:\laragon\www\automacao\system\CodeIgniter.php(933): App\Controllers\Home->index()
#23 C:\laragon\www\automacao\system\CodeIgniter.php(509): CodeIgniter\CodeIgniter->runController(Object(App\Controllers\Home))
#24 C:\laragon\www\automacao\system\CodeIgniter.php(355): CodeIgniter\CodeIgniter->handleRequest(NULL, Object(Config\Cache), false)
#25 C:\laragon\www\automacao\system\Boot.php(325): CodeIgniter\CodeIgniter->run()
#26 C:\laragon\www\automacao\system\Boot.php(67): CodeIgniter\Boot::runCodeIgniter(Object(CodeIgniter\CodeIgniter))
#27 C:\laragon\www\automacao\public\index.php(56): CodeIgniter\Boot::bootWeb(Object(Config\Paths))
#28 {main}
CRITICAL - 2024-10-29 22:33:00 --> CodeIgniter\Database\Exceptions\DatabaseException: Unable to connect to the database.
Main connection [MySQLi]: Unknown database 'automation'
[Method: GET, Route: /]
in SYSTEMPATH\Database\BaseConnection.php on line 467.
 1 SYSTEMPATH\Database\BaseConnection.php(616): CodeIgniter\Database\BaseConnection->initialize()
 2 SYSTEMPATH\Database\BaseBuilder.php(1644): CodeIgniter\Database\BaseConnection->query('SELECT *
FROM `settings`
WHERE `context` IS NULL', [], false)
 3 VENDORPATH\codeigniter4\settings\src\Handlers\DatabaseHandler.php(186): CodeIgniter\Database\BaseBuilder->get()
 4 VENDORPATH\codeigniter4\settings\src\Handlers\DatabaseHandler.php(51): CodeIgniter\Settings\Handlers\DatabaseHandler->hydrate(null)
 5 VENDORPATH\codeigniter4\settings\src\Settings.php(59): CodeIgniter\Settings\Handlers\DatabaseHandler->has('Config\\Auth', 'sessionConfig', null)
 6 VENDORPATH\codeigniter4\settings\src\Helpers\setting_helper.php(25): CodeIgniter\Settings\Settings->get('Auth.sessionConfig')
 7 VENDORPATH\codeigniter4\shield\src\Authentication\Authenticators\Session.php(685): setting('Auth.sessionConfig')
 8 VENDORPATH\codeigniter4\shield\src\Authentication\Authenticators\Session.php(703): CodeIgniter\Shield\Authentication\Authenticators\Session->getSessionUserInfo()
 9 VENDORPATH\codeigniter4\shield\src\Authentication\Authenticators\Session.php(390): CodeIgniter\Shield\Authentication\Authenticators\Session->getSessionUserKey('id')
10 VENDORPATH\codeigniter4\shield\src\Authentication\Authenticators\Session.php(374): CodeIgniter\Shield\Authentication\Authenticators\Session->checkUserState()
11 VENDORPATH\codeigniter4\shield\src\Auth.php(103): CodeIgniter\Shield\Authentication\Authenticators\Session->loggedIn()
12 APPPATH\Views\layout\navbar.php(11): CodeIgniter\Shield\Auth->user()
13 SYSTEMPATH\View\View.php(234): include('C:\\laragon\\www\\automacao\\app\\Views\\layout\\navbar.php')
14 SYSTEMPATH\View\View.php(237): CodeIgniter\View\View->CodeIgniter\View\{closure}()
15 SYSTEMPATH\View\View.php(487): CodeIgniter\View\View->render('layout/navbar', null, true)
16 APPPATH\Views\layout\layout.php(5): CodeIgniter\View\View->include('layout/navbar')
17 SYSTEMPATH\View\View.php(234): include('C:\\laragon\\www\\automacao\\app\\Views\\layout\\layout.php')
18 SYSTEMPATH\View\View.php(237): CodeIgniter\View\View->CodeIgniter\View\{closure}()
19 SYSTEMPATH\View\View.php(250): CodeIgniter\View\View->render('layout/layout', [], true)
20 SYSTEMPATH\Common.php(1171): CodeIgniter\View\View->render('welcome_message', [], true)
21 APPPATH\Controllers\Home.php(9): view('welcome_message')
22 SYSTEMPATH\CodeIgniter.php(933): App\Controllers\Home->index()
23 SYSTEMPATH\CodeIgniter.php(509): CodeIgniter\CodeIgniter->runController(Object(App\Controllers\Home))
24 SYSTEMPATH\CodeIgniter.php(355): CodeIgniter\CodeIgniter->handleRequest(null, Object(Config\Cache), false)
25 SYSTEMPATH\Boot.php(325): CodeIgniter\CodeIgniter->run()
26 SYSTEMPATH\Boot.php(67): CodeIgniter\Boot::runCodeIgniter(Object(CodeIgniter\CodeIgniter))
27 FCPATH\index.php(56): CodeIgniter\Boot::bootWeb(Object(Config\Paths))
INFO - 2024-10-29 22:34:34 --> Session: Class initialized using 'CodeIgniter\Session\Handlers\FileHandler' driver.
INFO - 2024-10-29 22:36:30 --> Session: Class initialized using 'CodeIgniter\Session\Handlers\FileHandler' driver.
INFO - 2024-10-29 22:36:32 --> Session: Class initialized using 'CodeIgniter\Session\Handlers\FileHandler' driver.
INFO - 2024-10-29 22:36:34 --> Session: Class initialized using 'CodeIgniter\Session\Handlers\FileHandler' driver.
